[3.721s] Invoking command in '/home/robot/여/project-root/ros2_ws/build/docent_robot': PYTHONPATH=/home/robot/여/project-root/ros2_ws/build/docent_robot/prefix_override:/usr/lib/python3/dist-packages/colcon_core/task/python/colcon_distutils_commands:/home/robot/여/project-root/ros2_ws/install/docent_robot/lib/python3.10/site-packages:${PYTHONPATH} /usr/bin/python3 -W ignore:setup.py install is deprecated -W ignore:easy_install command is deprecated setup.py develop --uninstall --editable --build-directory /home/robot/여/project-root/ros2_ws/build/docent_robot/build
[4.968s] running develop
[5.810s] Removing /home/robot/여/project-root/ros2_ws/install/docent_robot/lib/python3.10/site-packages/docent-robot.egg-link (link to .)
[5.943s] Invoked command in '/home/robot/여/project-root/ros2_ws/build/docent_robot' returned '0': PYTHONPATH=/home/robot/여/project-root/ros2_ws/build/docent_robot/prefix_override:/usr/lib/python3/dist-packages/colcon_core/task/python/colcon_distutils_commands:/home/robot/여/project-root/ros2_ws/install/docent_robot/lib/python3.10/site-packages:${PYTHONPATH} /usr/bin/python3 -W ignore:setup.py install is deprecated -W ignore:easy_install command is deprecated setup.py develop --uninstall --editable --build-directory /home/robot/여/project-root/ros2_ws/build/docent_robot/build
[5.952s] Invoking command in '/home/robot/여/project-root/ros2_ws/src/docent_robot': PYTHONPATH=/home/robot/여/project-root/ros2_ws/build/docent_robot/prefix_override:/usr/lib/python3/dist-packages/colcon_core/task/python/colcon_distutils_commands:/home/robot/여/project-root/ros2_ws/install/docent_robot/lib/python3.10/site-packages:${PYTHONPATH} /usr/bin/python3 -W ignore:setup.py install is deprecated -W ignore:easy_install command is deprecated setup.py egg_info --egg-base ../../build/docent_robot build --build-base /home/robot/여/project-root/ros2_ws/build/docent_robot/build install --record /home/robot/여/project-root/ros2_ws/build/docent_robot/install.log --install-scripts $base/lib/docent_robot --single-version-externally-managed install_data --force
[7.102s] running egg_info
[7.105s] writing ../../build/docent_robot/docent_robot.egg-info/PKG-INFO
[7.106s] writing dependency_links to ../../build/docent_robot/docent_robot.egg-info/dependency_links.txt
[7.107s] writing entry points to ../../build/docent_robot/docent_robot.egg-info/entry_points.txt
[7.108s] writing requirements to ../../build/docent_robot/docent_robot.egg-info/requires.txt
[7.108s] writing top-level names to ../../build/docent_robot/docent_robot.egg-info/top_level.txt
[7.117s] reading manifest file '../../build/docent_robot/docent_robot.egg-info/SOURCES.txt'
[7.122s] writing manifest file '../../build/docent_robot/docent_robot.egg-info/SOURCES.txt'
[7.123s] running build
[7.123s] running build_py
[7.124s] creating /home/robot/여/project-root/ros2_ws/build/docent_robot/build
[7.124s] creating /home/robot/여/project-root/ros2_ws/build/docent_robot/build/lib
[7.125s] creating /home/robot/여/project-root/ros2_ws/build/docent_robot/build/lib/docent_robot
[7.126s] copying docent_robot/__init__.py -> /home/robot/여/project-root/ros2_ws/build/docent_robot/build/lib/docent_robot
[7.126s] copying docent_robot/docent_node.py -> /home/robot/여/project-root/ros2_ws/build/docent_robot/build/lib/docent_robot
[7.127s] running install
[7.129s] running install_lib
[7.134s] creating /home/robot/여/project-root/ros2_ws/install/docent_robot/lib/python3.10/site-packages/docent_robot
[7.135s] copying /home/robot/여/project-root/ros2_ws/build/docent_robot/build/lib/docent_robot/__init__.py -> /home/robot/여/project-root/ros2_ws/install/docent_robot/lib/python3.10/site-packages/docent_robot
[7.136s] copying /home/robot/여/project-root/ros2_ws/build/docent_robot/build/lib/docent_robot/docent_node.py -> /home/robot/여/project-root/ros2_ws/install/docent_robot/lib/python3.10/site-packages/docent_robot
[7.138s] byte-compiling /home/robot/여/project-root/ros2_ws/install/docent_robot/lib/python3.10/site-packages/docent_robot/__init__.py to __init__.cpython-310.pyc
[7.140s] byte-compiling /home/robot/여/project-root/ros2_ws/install/docent_robot/lib/python3.10/site-packages/docent_robot/docent_node.py to docent_node.cpython-310.pyc
[7.144s] running install_data
[7.147s] copying resource/docent_robot -> /home/robot/여/project-root/ros2_ws/install/docent_robot/share/ament_index/resource_index/packages
[7.152s] copying package.xml -> /home/robot/여/project-root/ros2_ws/install/docent_robot/share/docent_robot
[7.154s] running install_egg_info
[7.164s] Copying ../../build/docent_robot/docent_robot.egg-info to /home/robot/여/project-root/ros2_ws/install/docent_robot/lib/python3.10/site-packages/docent_robot-0.0.0-py3.10.egg-info
[7.172s] running install_scripts
[7.251s] Installing docent_node script to /home/robot/여/project-root/ros2_ws/install/docent_robot/lib/docent_robot
[7.252s] writing list of installed files to '/home/robot/여/project-root/ros2_ws/build/docent_robot/install.log'
[7.371s] Invoked command in '/home/robot/여/project-root/ros2_ws/src/docent_robot' returned '0': PYTHONPATH=/home/robot/여/project-root/ros2_ws/build/docent_robot/prefix_override:/usr/lib/python3/dist-packages/colcon_core/task/python/colcon_distutils_commands:/home/robot/여/project-root/ros2_ws/install/docent_robot/lib/python3.10/site-packages:${PYTHONPATH} /usr/bin/python3 -W ignore:setup.py install is deprecated -W ignore:easy_install command is deprecated setup.py egg_info --egg-base ../../build/docent_robot build --build-base /home/robot/여/project-root/ros2_ws/build/docent_robot/build install --record /home/robot/여/project-root/ros2_ws/build/docent_robot/install.log --install-scripts $base/lib/docent_robot --single-version-externally-managed install_data --force
