[0.694s] DEBUG:colcon:Command line arguments: ['/usr/bin/colcon', 'build', '--symlink-install']
[0.695s] DEBUG:colcon:Parsed command line arguments: Namespace(log_base=None, log_level=None, verb_name='build', build_base='build', install_base='install', merge_install=False, symlink_install=True, test_result_base=None, continue_on_error=False, executor='parallel', parallel_workers=4, event_handlers=None, ignore_user_meta=False, metas=['./colcon.meta'], base_paths=['.'], packages_ignore=None, packages_ignore_regex=None, paths=None, packages_up_to=None, packages_up_to_regex=None, packages_above=None, packages_above_and_dependencies=None, packages_above_depth=None, packages_select_by_dep=None, packages_skip_by_dep=None, packages_skip_up_to=None, packages_select_build_failed=False, packages_skip_build_finished=False, packages_select_test_failures=False, packages_skip_test_passed=False, packages_select=None, packages_skip=None, packages_select_regex=None, packages_skip_regex=None, packages_start=None, packages_end=None, allow_overriding=[], cmake_args=None, cmake_target=None, cmake_target_skip_unavailable=False, cmake_clean_cache=False, cmake_clean_first=False, cmake_force_configure=False, ament_cmake_args=None, catkin_cmake_args=None, catkin_skip_building_tests=False, mixin_files=None, mixin=None, verb_parser=<colcon_mixin.mixin.mixin_argument.MixinArgumentDecorator object at 0xffffb2d824d0>, verb_extension=<colcon_core.verb.build.BuildVerb object at 0xffffb2f1f760>, main=<bound method BuildVerb.main of <colcon_core.verb.build.BuildVerb object at 0xffffb2f1f760>>, mixin_verb=('build',))
[1.822s] Level 1:colcon.colcon_core.package_discovery:discover_packages(colcon_meta) check parameters
[1.823s] Level 1:colcon.colcon_core.package_discovery:discover_packages(recursive) check parameters
[1.823s] Level 1:colcon.colcon_core.package_discovery:discover_packages(ignore) check parameters
[1.823s] Level 1:colcon.colcon_core.package_discovery:discover_packages(path) check parameters
[1.823s] Level 1:colcon.colcon_core.package_discovery:discover_packages(colcon_meta) discover
[1.824s] Level 1:colcon.colcon_core.package_discovery:discover_packages(recursive) discover
[1.824s] INFO:colcon.colcon_core.package_discovery:Crawling recursively for packages in '/home/robot/여/project-root/ros2_ws'
[1.825s] Level 1:colcon.colcon_core.package_identification:_identify(.) by extensions ['ignore', 'ignore_ament_install']
[1.825s] Level 1:colcon.colcon_core.package_identification:_identify(.) by extension 'ignore'
[1.826s] Level 1:colcon.colcon_core.package_identification:_identify(.) by extension 'ignore_ament_install'
[1.826s] Level 1:colcon.colcon_core.package_identification:_identify(.) by extensions ['colcon_pkg']
[1.827s] Level 1:colcon.colcon_core.package_identification:_identify(.) by extension 'colcon_pkg'
[1.827s] Level 1:colcon.colcon_core.package_identification:_identify(.) by extensions ['colcon_meta']
[1.827s] Level 1:colcon.colcon_core.package_identification:_identify(.) by extension 'colcon_meta'
[1.827s] Level 1:colcon.colcon_core.package_identification:_identify(.) by extensions ['ros']
[1.827s] Level 1:colcon.colcon_core.package_identification:_identify(.) by extension 'ros'
[1.879s] Level 1:colcon.colcon_core.package_identification:_identify(.) by extensions ['cmake', 'python']
[1.879s] Level 1:colcon.colcon_core.package_identification:_identify(.) by extension 'cmake'
[1.879s] Level 1:colcon.colcon_core.package_identification:_identify(.) by extension 'python'
[1.880s] Level 1:colcon.colcon_core.package_identification:_identify(.) by extensions ['python_setup_py']
[1.880s] Level 1:colcon.colcon_core.package_identification:_identify(.) by extension 'python_setup_py'
[1.881s] Level 1:colcon.colcon_core.package_identification:_identify(build) by extensions ['ignore', 'ignore_ament_install']
[1.881s] Level 1:colcon.colcon_core.package_identification:_identify(build) by extension 'ignore'
[1.881s] Level 1:colcon.colcon_core.package_identification:_identify(build) ignored
[1.882s] Level 1:colcon.colcon_core.package_identification:_identify(install) by extensions ['ignore', 'ignore_ament_install']
[1.883s] Level 1:colcon.colcon_core.package_identification:_identify(install) by extension 'ignore'
[1.883s] Level 1:colcon.colcon_core.package_identification:_identify(install) ignored
[1.884s] Level 1:colcon.colcon_core.package_identification:_identify(log) by extensions ['ignore', 'ignore_ament_install']
[1.884s] Level 1:colcon.colcon_core.package_identification:_identify(log) by extension 'ignore'
[1.885s] Level 1:colcon.colcon_core.package_identification:_identify(log) ignored
[1.885s] Level 1:colcon.colcon_core.package_identification:_identify(src) by extensions ['ignore', 'ignore_ament_install']
[1.886s] Level 1:colcon.colcon_core.package_identification:_identify(src) by extension 'ignore'
[1.886s] Level 1:colcon.colcon_core.package_identification:_identify(src) by extension 'ignore_ament_install'
[1.886s] Level 1:colcon.colcon_core.package_identification:_identify(src) by extensions ['colcon_pkg']
[1.887s] Level 1:colcon.colcon_core.package_identification:_identify(src) by extension 'colcon_pkg'
[1.887s] Level 1:colcon.colcon_core.package_identification:_identify(src) by extensions ['colcon_meta']
[1.887s] Level 1:colcon.colcon_core.package_identification:_identify(src) by extension 'colcon_meta'
[1.887s] Level 1:colcon.colcon_core.package_identification:_identify(src) by extensions ['ros']
[1.888s] Level 1:colcon.colcon_core.package_identification:_identify(src) by extension 'ros'
[1.888s] Level 1:colcon.colcon_core.package_identification:_identify(src) by extensions ['cmake', 'python']
[1.888s] Level 1:colcon.colcon_core.package_identification:_identify(src) by extension 'cmake'
[1.889s] Level 1:colcon.colcon_core.package_identification:_identify(src) by extension 'python'
[1.889s] Level 1:colcon.colcon_core.package_identification:_identify(src) by extensions ['python_setup_py']
[1.889s] Level 1:colcon.colcon_core.package_identification:_identify(src) by extension 'python_setup_py'
[1.890s] Level 1:colcon.colcon_core.package_identification:_identify(src/docent_robot) by extensions ['ignore', 'ignore_ament_install']
[1.891s] Level 1:colcon.colcon_core.package_identification:_identify(src/docent_robot) by extension 'ignore'
[1.891s] Level 1:colcon.colcon_core.package_identification:_identify(src/docent_robot) by extension 'ignore_ament_install'
[1.892s] Level 1:colcon.colcon_core.package_identification:_identify(src/docent_robot) by extensions ['colcon_pkg']
[1.892s] Level 1:colcon.colcon_core.package_identification:_identify(src/docent_robot) by extension 'colcon_pkg'
[1.892s] Level 1:colcon.colcon_core.package_identification:_identify(src/docent_robot) by extensions ['colcon_meta']
[1.893s] Level 1:colcon.colcon_core.package_identification:_identify(src/docent_robot) by extension 'colcon_meta'
[1.893s] Level 1:colcon.colcon_core.package_identification:_identify(src/docent_robot) by extensions ['ros']
[1.893s] Level 1:colcon.colcon_core.package_identification:_identify(src/docent_robot) by extension 'ros'
[1.905s] DEBUG:colcon.colcon_core.package_identification:Package 'src/docent_robot' with type 'ros.ament_python' and name 'docent_robot'
[1.905s] Level 1:colcon.colcon_core.package_discovery:discover_packages(recursive) using defaults
[1.906s] Level 1:colcon.colcon_core.package_discovery:discover_packages(ignore) discover
[1.906s] Level 1:colcon.colcon_core.package_discovery:discover_packages(ignore) using defaults
[1.906s] Level 1:colcon.colcon_core.package_discovery:discover_packages(path) discover
[1.906s] Level 1:colcon.colcon_core.package_discovery:discover_packages(path) using defaults
[2.058s] Level 1:colcon.colcon_core.package_discovery:discover_packages(prefix_path) check parameters
[2.059s] Level 1:colcon.colcon_core.package_discovery:discover_packages(prefix_path) discover
[2.069s] DEBUG:colcon.colcon_installed_package_information.package_discovery:Found 1 installed packages in /home/robot/여/project-root/ros2_ws/install
[2.081s] DEBUG:colcon.colcon_installed_package_information.package_discovery:Found 339 installed packages in /opt/ros/humble
[2.090s] Level 1:colcon.colcon_core.package_discovery:discover_packages(prefix_path) using defaults
[2.368s] Level 5:colcon.colcon_core.verb:set package 'docent_robot' build argument 'cmake_args' from command line to 'None'
[2.369s] Level 5:colcon.colcon_core.verb:set package 'docent_robot' build argument 'cmake_target' from command line to 'None'
[2.369s] Level 5:colcon.colcon_core.verb:set package 'docent_robot' build argument 'cmake_target_skip_unavailable' from command line to 'False'
[2.369s] Level 5:colcon.colcon_core.verb:set package 'docent_robot' build argument 'cmake_clean_cache' from command line to 'False'
[2.369s] Level 5:colcon.colcon_core.verb:set package 'docent_robot' build argument 'cmake_clean_first' from command line to 'False'
[2.369s] Level 5:colcon.colcon_core.verb:set package 'docent_robot' build argument 'cmake_force_configure' from command line to 'False'
[2.369s] Level 5:colcon.colcon_core.verb:set package 'docent_robot' build argument 'ament_cmake_args' from command line to 'None'
[2.369s] Level 5:colcon.colcon_core.verb:set package 'docent_robot' build argument 'catkin_cmake_args' from command line to 'None'
[2.370s] Level 5:colcon.colcon_core.verb:set package 'docent_robot' build argument 'catkin_skip_building_tests' from command line to 'False'
[2.370s] DEBUG:colcon.colcon_core.verb:Building package 'docent_robot' with the following arguments: {'ament_cmake_args': None, 'build_base': '/home/robot/여/project-root/ros2_ws/build/docent_robot', 'catkin_cmake_args': None, 'catkin_skip_building_tests': False, 'cmake_args': None, 'cmake_clean_cache': False, 'cmake_clean_first': False, 'cmake_force_configure': False, 'cmake_target': None, 'cmake_target_skip_unavailable': False, 'install_base': '/home/robot/여/project-root/ros2_ws/install/docent_robot', 'merge_install': False, 'path': '/home/robot/여/project-root/ros2_ws/src/docent_robot', 'symlink_install': True, 'test_result_base': None}
[2.370s] INFO:colcon.colcon_core.executor:Executing jobs using 'parallel' executor
[2.374s] DEBUG:colcon.colcon_parallel_executor.executor.parallel:run_until_complete
[2.376s] INFO:colcon.colcon_ros.task.ament_python.build:Building ROS package in '/home/robot/여/project-root/ros2_ws/src/docent_robot' with build type 'ament_python'
[2.376s] Level 1:colcon.colcon_core.shell:create_environment_hook('docent_robot', 'ament_prefix_path')
[2.388s] INFO:colcon.colcon_core.plugin_system:Skipping extension 'colcon_core.shell.bat': Not used on non-Windows systems
[2.389s] INFO:colcon.colcon_core.shell:Creating environment hook '/home/robot/여/project-root/ros2_ws/install/docent_robot/share/docent_robot/hook/ament_prefix_path.ps1'
[2.392s] INFO:colcon.colcon_core.shell:Creating environment descriptor '/home/robot/여/project-root/ros2_ws/install/docent_robot/share/docent_robot/hook/ament_prefix_path.dsv'
[2.395s] INFO:colcon.colcon_core.shell:Creating environment hook '/home/robot/여/project-root/ros2_ws/install/docent_robot/share/docent_robot/hook/ament_prefix_path.sh'
[2.399s] INFO:colcon.colcon_core.shell:Skip shell extension 'powershell' for command environment: Not usable outside of PowerShell
[2.400s] DEBUG:colcon.colcon_core.shell:Skip shell extension 'dsv' for command environment
[4.020s] INFO:colcon.colcon_core.task.python.build:Building Python package in '/home/robot/여/project-root/ros2_ws/src/docent_robot'
[4.021s] INFO:colcon.colcon_core.shell:Skip shell extension 'powershell' for command environment: Not usable outside of PowerShell
[4.021s] DEBUG:colcon.colcon_core.shell:Skip shell extension 'dsv' for command environment
[5.947s] DEBUG:colcon.colcon_core.task.python.build:Available setuptools commands: clean, build_ext, install_data, easy_install, update_catalog, install_lib, check, build_scripts, upload, saveopts, install_egg_info, build_clib, init_catalog, symlink_data, bdist_rpm, register, bdist_dumb, setopt, sdist, bdist_wheel, upload_docs, egg_info, rotate, alias, build, build_py, develop, install, bdist_egg, install_headers, bdist, extract_messages, compile_catalog, dist_info, install_scripts, test
[7.587s] DEBUG:colcon.colcon_core.task.python.build:Available setuptools 'develop' options: --install-dir, --build-directory, --optimize, --no-deps, --local-snapshots-ok, --index-url, --editable, --always-copy, --site-dirs, --allow-hosts, --verbose, --egg-path, --no-find-links, --user, --install-layout, --dry-run, --exclude-scripts, --upgrade, --uninstall, --script-dir, --help, --record, --zip-ok, --quiet, --multi-version, --force-installation-into-system-dir, --find-links, --always-unzip, --no-user-cfg, --version, --prefix
[7.593s] DEBUG:colcon.colcon_core.event_handler.log_command:Invoking command in '/home/robot/여/project-root/ros2_ws/build/docent_robot': PYTHONPATH=/home/robot/여/project-root/ros2_ws/build/docent_robot/prefix_override:/usr/lib/python3/dist-packages/colcon_core/task/python/colcon_distutils_commands:/home/robot/여/project-root/ros2_ws/install/docent_robot/lib/python3.10/site-packages:${PYTHONPATH} /usr/bin/python3 -W ignore:setup.py install is deprecated -W ignore:easy_install command is deprecated setup.py develop --editable --build-directory /home/robot/여/project-root/ros2_ws/build/docent_robot/build --no-deps symlink_data
[9.785s] Level 1:colcon.colcon_core.shell:create_environment_hook('docent_robot', 'pythonpath_develop')
[9.786s] INFO:colcon.colcon_core.shell:Creating environment hook '/home/robot/여/project-root/ros2_ws/build/docent_robot/share/docent_robot/hook/pythonpath_develop.ps1'
[9.788s] DEBUG:colcon.colcon_core.event_handler.log_command:Invoked command in '/home/robot/여/project-root/ros2_ws/build/docent_robot' returned '0': PYTHONPATH=/home/robot/여/project-root/ros2_ws/build/docent_robot/prefix_override:/usr/lib/python3/dist-packages/colcon_core/task/python/colcon_distutils_commands:/home/robot/여/project-root/ros2_ws/install/docent_robot/lib/python3.10/site-packages:${PYTHONPATH} /usr/bin/python3 -W ignore:setup.py install is deprecated -W ignore:easy_install command is deprecated setup.py develop --editable --build-directory /home/robot/여/project-root/ros2_ws/build/docent_robot/build --no-deps symlink_data
[9.790s] INFO:colcon.colcon_core.shell:Creating environment descriptor '/home/robot/여/project-root/ros2_ws/build/docent_robot/share/docent_robot/hook/pythonpath_develop.dsv'
[9.792s] INFO:colcon.colcon_core.shell:Creating environment hook '/home/robot/여/project-root/ros2_ws/build/docent_robot/share/docent_robot/hook/pythonpath_develop.sh'
[9.807s] Level 1:colcon.colcon_core.environment:checking '/home/robot/여/project-root/ros2_ws/install/docent_robot' for CMake module files
[9.809s] Level 1:colcon.colcon_core.environment:checking '/home/robot/여/project-root/ros2_ws/install/docent_robot' for CMake config files
[9.812s] Level 1:colcon.colcon_core.environment:checking '/home/robot/여/project-root/ros2_ws/install/docent_robot/lib'
[9.813s] Level 1:colcon.colcon_core.environment:checking '/home/robot/여/project-root/ros2_ws/install/docent_robot/bin'
[9.813s] Level 1:colcon.colcon_core.environment:checking '/home/robot/여/project-root/ros2_ws/install/docent_robot/lib/pkgconfig/docent_robot.pc'
[9.814s] Level 1:colcon.colcon_core.environment:checking '/home/robot/여/project-root/ros2_ws/install/docent_robot/lib/python3.10/site-packages'
[9.814s] Level 1:colcon.colcon_core.shell:create_environment_hook('docent_robot', 'pythonpath')
[9.815s] INFO:colcon.colcon_core.shell:Creating environment hook '/home/robot/여/project-root/ros2_ws/install/docent_robot/share/docent_robot/hook/pythonpath.ps1'
[9.817s] INFO:colcon.colcon_core.shell:Creating environment descriptor '/home/robot/여/project-root/ros2_ws/install/docent_robot/share/docent_robot/hook/pythonpath.dsv'
[9.819s] INFO:colcon.colcon_core.shell:Creating environment hook '/home/robot/여/project-root/ros2_ws/install/docent_robot/share/docent_robot/hook/pythonpath.sh'
[9.822s] Level 1:colcon.colcon_core.environment:checking '/home/robot/여/project-root/ros2_ws/install/docent_robot/bin'
[9.823s] Level 1:colcon.colcon_core.environment:create_environment_scripts_only(docent_robot)
[9.824s] INFO:colcon.colcon_core.shell:Creating package script '/home/robot/여/project-root/ros2_ws/install/docent_robot/share/docent_robot/package.ps1'
[9.830s] INFO:colcon.colcon_core.shell:Creating package descriptor '/home/robot/여/project-root/ros2_ws/install/docent_robot/share/docent_robot/package.dsv'
[9.833s] INFO:colcon.colcon_core.shell:Creating package script '/home/robot/여/project-root/ros2_ws/install/docent_robot/share/docent_robot/package.sh'
[9.836s] INFO:colcon.colcon_core.shell:Creating package script '/home/robot/여/project-root/ros2_ws/install/docent_robot/share/docent_robot/package.bash'
[9.840s] INFO:colcon.colcon_core.shell:Creating package script '/home/robot/여/project-root/ros2_ws/install/docent_robot/share/docent_robot/package.zsh'
[9.843s] Level 1:colcon.colcon_core.environment:create_file_with_runtime_dependencies(/home/robot/여/project-root/ros2_ws/install/docent_robot/share/colcon-core/packages/docent_robot)
[9.844s] DEBUG:colcon.colcon_parallel_executor.executor.parallel:closing loop
[9.845s] DEBUG:colcon.colcon_parallel_executor.executor.parallel:loop closed
[9.846s] DEBUG:colcon.colcon_parallel_executor.executor.parallel:run_until_complete finished with '0'
[9.846s] DEBUG:colcon.colcon_core.event_reactor:joining thread
[9.848s] DEBUG:colcon.colcon_core.event_reactor:joined thread
[9.849s] INFO:colcon.colcon_core.shell:Creating prefix script '/home/robot/여/project-root/ros2_ws/install/local_setup.ps1'
[9.853s] INFO:colcon.colcon_core.shell:Creating prefix util module '/home/robot/여/project-root/ros2_ws/install/_local_setup_util_ps1.py'
[9.859s] INFO:colcon.colcon_core.shell:Creating prefix chain script '/home/robot/여/project-root/ros2_ws/install/setup.ps1'
[9.864s] INFO:colcon.colcon_core.shell:Creating prefix script '/home/robot/여/project-root/ros2_ws/install/local_setup.sh'
[9.867s] INFO:colcon.colcon_core.shell:Creating prefix util module '/home/robot/여/project-root/ros2_ws/install/_local_setup_util_sh.py'
[9.869s] INFO:colcon.colcon_core.shell:Creating prefix chain script '/home/robot/여/project-root/ros2_ws/install/setup.sh'
[9.874s] INFO:colcon.colcon_core.shell:Creating prefix script '/home/robot/여/project-root/ros2_ws/install/local_setup.bash'
[9.876s] INFO:colcon.colcon_core.shell:Creating prefix chain script '/home/robot/여/project-root/ros2_ws/install/setup.bash'
[9.880s] INFO:colcon.colcon_core.shell:Creating prefix script '/home/robot/여/project-root/ros2_ws/install/local_setup.zsh'
[9.883s] INFO:colcon.colcon_core.shell:Creating prefix chain script '/home/robot/여/project-root/ros2_ws/install/setup.zsh'
