[4.336s] Invoking command in '/home/robot/여/project-root/ros2_ws/build/docent_robot': PYTHONPATH=/home/robot/여/project-root/ros2_ws/build/docent_robot/prefix_override:/usr/lib/python3/dist-packages/colcon_core/task/python/colcon_distutils_commands:/home/robot/여/project-root/ros2_ws/install/docent_robot/lib/python3.10/site-packages:${PYTHONPATH} /usr/bin/python3 -W ignore:setup.py install is deprecated -W ignore:easy_install command is deprecated setup.py develop --editable --build-directory /home/robot/여/project-root/ros2_ws/build/docent_robot/build --no-deps symlink_data
[5.581s] running develop
[6.417s] running egg_info
[6.417s] creating docent_robot.egg-info
[6.418s] writing docent_robot.egg-info/PKG-INFO
[6.419s] writing dependency_links to docent_robot.egg-info/dependency_links.txt
[6.419s] writing entry points to docent_robot.egg-info/entry_points.txt
[6.420s] writing requirements to docent_robot.egg-info/requires.txt
[6.420s] writing top-level names to docent_robot.egg-info/top_level.txt
[6.421s] writing manifest file 'docent_robot.egg-info/SOURCES.txt'
[6.428s] reading manifest file 'docent_robot.egg-info/SOURCES.txt'
[6.431s] writing manifest file 'docent_robot.egg-info/SOURCES.txt'
[6.437s] running build_ext
[6.438s] Creating /home/robot/여/project-root/ros2_ws/install/docent_robot/lib/python3.10/site-packages/docent-robot.egg-link (link to .)
[6.441s] Installing docent_node script to /home/robot/여/project-root/ros2_ws/install/docent_robot/lib/docent_robot
[6.443s] 
[6.443s] Installed /home/robot/여/project-root/ros2_ws/build/docent_robot
[6.444s] running symlink_data
[6.444s] creating /home/robot/여/project-root/ros2_ws/install/docent_robot/share/ament_index
[6.444s] creating /home/robot/여/project-root/ros2_ws/install/docent_robot/share/ament_index/resource_index
[6.445s] creating /home/robot/여/project-root/ros2_ws/install/docent_robot/share/ament_index/resource_index/packages
[6.445s] symbolically linking /home/robot/여/project-root/ros2_ws/build/docent_robot/resource/docent_robot -> /home/robot/여/project-root/ros2_ws/install/docent_robot/share/ament_index/resource_index/packages
[6.446s] symbolically linking /home/robot/여/project-root/ros2_ws/build/docent_robot/package.xml -> /home/robot/여/project-root/ros2_ws/install/docent_robot/share/docent_robot
[6.581s] Invoked command in '/home/robot/여/project-root/ros2_ws/build/docent_robot' returned '0': PYTHONPATH=/home/robot/여/project-root/ros2_ws/build/docent_robot/prefix_override:/usr/lib/python3/dist-packages/colcon_core/task/python/colcon_distutils_commands:/home/robot/여/project-root/ros2_ws/install/docent_robot/lib/python3.10/site-packages:${PYTHONPATH} /usr/bin/python3 -W ignore:setup.py install is deprecated -W ignore:easy_install command is deprecated setup.py develop --editable --build-directory /home/robot/여/project-root/ros2_ws/build/docent_robot/build --no-deps symlink_data
