[0.467s] DEBUG:colcon:Command line arguments: ['/usr/bin/colcon', 'build', '--symlink-install']
[0.467s] DEBUG:colcon:Parsed command line arguments: Namespace(log_base=None, log_level=None, verb_name='build', build_base='build', install_base='install', merge_install=False, symlink_install=True, test_result_base=None, continue_on_error=False, executor='parallel', parallel_workers=4, event_handlers=None, ignore_user_meta=False, metas=['./colcon.meta'], base_paths=['.'], packages_ignore=None, packages_ignore_regex=None, paths=None, packages_up_to=None, packages_up_to_regex=None, packages_above=None, packages_above_and_dependencies=None, packages_above_depth=None, packages_select_by_dep=None, packages_skip_by_dep=None, packages_skip_up_to=None, packages_select_build_failed=False, packages_skip_build_finished=False, packages_select_test_failures=False, packages_skip_test_passed=False, packages_select=None, packages_skip=None, packages_select_regex=None, packages_skip_regex=None, packages_start=None, packages_end=None, allow_overriding=[], cmake_args=None, cmake_target=None, cmake_target_skip_unavailable=False, cmake_clean_cache=False, cmake_clean_first=False, cmake_force_configure=False, ament_cmake_args=None, catkin_cmake_args=None, catkin_skip_building_tests=False, mixin_files=None, mixin=None, verb_parser=<colcon_mixin.mixin.mixin_argument.MixinArgumentDecorator object at 0xffff987d24d0>, verb_extension=<colcon_core.verb.build.BuildVerb object at 0xffff9896f760>, main=<bound method BuildVerb.main of <colcon_core.verb.build.BuildVerb object at 0xffff9896f760>>, mixin_verb=('build',))
[1.311s] Level 1:colcon.colcon_core.package_discovery:discover_packages(colcon_meta) check parameters
[1.311s] Level 1:colcon.colcon_core.package_discovery:discover_packages(recursive) check parameters
[1.312s] Level 1:colcon.colcon_core.package_discovery:discover_packages(ignore) check parameters
[1.312s] Level 1:colcon.colcon_core.package_discovery:discover_packages(path) check parameters
[1.312s] Level 1:colcon.colcon_core.package_discovery:discover_packages(colcon_meta) discover
[1.312s] Level 1:colcon.colcon_core.package_discovery:discover_packages(recursive) discover
[1.312s] INFO:colcon.colcon_core.package_discovery:Crawling recursively for packages in '/home/robot/여/project-root/ros2_ws'
[1.313s] Level 1:colcon.colcon_core.package_identification:_identify(.) by extensions ['ignore', 'ignore_ament_install']
[1.313s] Level 1:colcon.colcon_core.package_identification:_identify(.) by extension 'ignore'
[1.313s] Level 1:colcon.colcon_core.package_identification:_identify(.) by extension 'ignore_ament_install'
[1.314s] Level 1:colcon.colcon_core.package_identification:_identify(.) by extensions ['colcon_pkg']
[1.314s] Level 1:colcon.colcon_core.package_identification:_identify(.) by extension 'colcon_pkg'
[1.314s] Level 1:colcon.colcon_core.package_identification:_identify(.) by extensions ['colcon_meta']
[1.314s] Level 1:colcon.colcon_core.package_identification:_identify(.) by extension 'colcon_meta'
[1.314s] Level 1:colcon.colcon_core.package_identification:_identify(.) by extensions ['ros']
[1.314s] Level 1:colcon.colcon_core.package_identification:_identify(.) by extension 'ros'
[1.357s] Level 1:colcon.colcon_core.package_identification:_identify(.) by extensions ['cmake', 'python']
[1.358s] Level 1:colcon.colcon_core.package_identification:_identify(.) by extension 'cmake'
[1.358s] Level 1:colcon.colcon_core.package_identification:_identify(.) by extension 'python'
[1.358s] Level 1:colcon.colcon_core.package_identification:_identify(.) by extensions ['python_setup_py']
[1.358s] Level 1:colcon.colcon_core.package_identification:_identify(.) by extension 'python_setup_py'
[1.359s] Level 1:colcon.colcon_core.package_identification:_identify(build) by extensions ['ignore', 'ignore_ament_install']
[1.359s] Level 1:colcon.colcon_core.package_identification:_identify(build) by extension 'ignore'
[1.359s] Level 1:colcon.colcon_core.package_identification:_identify(build) ignored
[1.360s] Level 1:colcon.colcon_core.package_identification:_identify(install) by extensions ['ignore', 'ignore_ament_install']
[1.360s] Level 1:colcon.colcon_core.package_identification:_identify(install) by extension 'ignore'
[1.361s] Level 1:colcon.colcon_core.package_identification:_identify(install) ignored
[1.361s] Level 1:colcon.colcon_core.package_identification:_identify(log) by extensions ['ignore', 'ignore_ament_install']
[1.361s] Level 1:colcon.colcon_core.package_identification:_identify(log) by extension 'ignore'
[1.362s] Level 1:colcon.colcon_core.package_identification:_identify(log) ignored
[1.362s] Level 1:colcon.colcon_core.package_identification:_identify(src) by extensions ['ignore', 'ignore_ament_install']
[1.362s] Level 1:colcon.colcon_core.package_identification:_identify(src) by extension 'ignore'
[1.362s] Level 1:colcon.colcon_core.package_identification:_identify(src) by extension 'ignore_ament_install'
[1.363s] Level 1:colcon.colcon_core.package_identification:_identify(src) by extensions ['colcon_pkg']
[1.363s] Level 1:colcon.colcon_core.package_identification:_identify(src) by extension 'colcon_pkg'
[1.363s] Level 1:colcon.colcon_core.package_identification:_identify(src) by extensions ['colcon_meta']
[1.363s] Level 1:colcon.colcon_core.package_identification:_identify(src) by extension 'colcon_meta'
[1.363s] Level 1:colcon.colcon_core.package_identification:_identify(src) by extensions ['ros']
[1.363s] Level 1:colcon.colcon_core.package_identification:_identify(src) by extension 'ros'
[1.364s] Level 1:colcon.colcon_core.package_identification:_identify(src) by extensions ['cmake', 'python']
[1.364s] Level 1:colcon.colcon_core.package_identification:_identify(src) by extension 'cmake'
[1.364s] Level 1:colcon.colcon_core.package_identification:_identify(src) by extension 'python'
[1.364s] Level 1:colcon.colcon_core.package_identification:_identify(src) by extensions ['python_setup_py']
[1.364s] Level 1:colcon.colcon_core.package_identification:_identify(src) by extension 'python_setup_py'
[1.365s] Level 1:colcon.colcon_core.package_identification:_identify(src/docent_robot) by extensions ['ignore', 'ignore_ament_install']
[1.365s] Level 1:colcon.colcon_core.package_identification:_identify(src/docent_robot) by extension 'ignore'
[1.365s] Level 1:colcon.colcon_core.package_identification:_identify(src/docent_robot) by extension 'ignore_ament_install'
[1.366s] Level 1:colcon.colcon_core.package_identification:_identify(src/docent_robot) by extensions ['colcon_pkg']
[1.366s] Level 1:colcon.colcon_core.package_identification:_identify(src/docent_robot) by extension 'colcon_pkg'
[1.366s] Level 1:colcon.colcon_core.package_identification:_identify(src/docent_robot) by extensions ['colcon_meta']
[1.366s] Level 1:colcon.colcon_core.package_identification:_identify(src/docent_robot) by extension 'colcon_meta'
[1.366s] Level 1:colcon.colcon_core.package_identification:_identify(src/docent_robot) by extensions ['ros']
[1.366s] Level 1:colcon.colcon_core.package_identification:_identify(src/docent_robot) by extension 'ros'
[1.375s] DEBUG:colcon.colcon_core.package_identification:Package 'src/docent_robot' with type 'ros.ament_python' and name 'docent_robot'
[1.376s] Level 1:colcon.colcon_core.package_discovery:discover_packages(recursive) using defaults
[1.376s] Level 1:colcon.colcon_core.package_discovery:discover_packages(ignore) discover
[1.376s] Level 1:colcon.colcon_core.package_discovery:discover_packages(ignore) using defaults
[1.376s] Level 1:colcon.colcon_core.package_discovery:discover_packages(path) discover
[1.376s] Level 1:colcon.colcon_core.package_discovery:discover_packages(path) using defaults
[1.497s] Level 1:colcon.colcon_core.package_discovery:discover_packages(prefix_path) check parameters
[1.497s] Level 1:colcon.colcon_core.package_discovery:discover_packages(prefix_path) discover
[1.505s] DEBUG:colcon.colcon_installed_package_information.package_discovery:Found 1 installed packages in /home/robot/여/project-root/ros2_ws/install
[1.515s] DEBUG:colcon.colcon_installed_package_information.package_discovery:Found 339 installed packages in /opt/ros/humble
[1.524s] Level 1:colcon.colcon_core.package_discovery:discover_packages(prefix_path) using defaults
[1.731s] Level 5:colcon.colcon_core.verb:set package 'docent_robot' build argument 'cmake_args' from command line to 'None'
[1.731s] Level 5:colcon.colcon_core.verb:set package 'docent_robot' build argument 'cmake_target' from command line to 'None'
[1.731s] Level 5:colcon.colcon_core.verb:set package 'docent_robot' build argument 'cmake_target_skip_unavailable' from command line to 'False'
[1.731s] Level 5:colcon.colcon_core.verb:set package 'docent_robot' build argument 'cmake_clean_cache' from command line to 'False'
[1.731s] Level 5:colcon.colcon_core.verb:set package 'docent_robot' build argument 'cmake_clean_first' from command line to 'False'
[1.731s] Level 5:colcon.colcon_core.verb:set package 'docent_robot' build argument 'cmake_force_configure' from command line to 'False'
[1.731s] Level 5:colcon.colcon_core.verb:set package 'docent_robot' build argument 'ament_cmake_args' from command line to 'None'
[1.731s] Level 5:colcon.colcon_core.verb:set package 'docent_robot' build argument 'catkin_cmake_args' from command line to 'None'
[1.732s] Level 5:colcon.colcon_core.verb:set package 'docent_robot' build argument 'catkin_skip_building_tests' from command line to 'False'
[1.732s] DEBUG:colcon.colcon_core.verb:Building package 'docent_robot' with the following arguments: {'ament_cmake_args': None, 'build_base': '/home/robot/여/project-root/ros2_ws/build/docent_robot', 'catkin_cmake_args': None, 'catkin_skip_building_tests': False, 'cmake_args': None, 'cmake_clean_cache': False, 'cmake_clean_first': False, 'cmake_force_configure': False, 'cmake_target': None, 'cmake_target_skip_unavailable': False, 'install_base': '/home/robot/여/project-root/ros2_ws/install/docent_robot', 'merge_install': False, 'path': '/home/robot/여/project-root/ros2_ws/src/docent_robot', 'symlink_install': True, 'test_result_base': None}
[1.732s] INFO:colcon.colcon_core.executor:Executing jobs using 'parallel' executor
[1.735s] DEBUG:colcon.colcon_parallel_executor.executor.parallel:run_until_complete
[1.736s] INFO:colcon.colcon_ros.task.ament_python.build:Building ROS package in '/home/robot/여/project-root/ros2_ws/src/docent_robot' with build type 'ament_python'
[1.737s] Level 1:colcon.colcon_core.shell:create_environment_hook('docent_robot', 'ament_prefix_path')
[1.746s] INFO:colcon.colcon_core.plugin_system:Skipping extension 'colcon_core.shell.bat': Not used on non-Windows systems
[1.747s] INFO:colcon.colcon_core.shell:Creating environment hook '/home/robot/여/project-root/ros2_ws/install/docent_robot/share/docent_robot/hook/ament_prefix_path.ps1'
[1.749s] INFO:colcon.colcon_core.shell:Creating environment descriptor '/home/robot/여/project-root/ros2_ws/install/docent_robot/share/docent_robot/hook/ament_prefix_path.dsv'
[1.752s] INFO:colcon.colcon_core.shell:Creating environment hook '/home/robot/여/project-root/ros2_ws/install/docent_robot/share/docent_robot/hook/ament_prefix_path.sh'
[1.755s] INFO:colcon.colcon_core.shell:Skip shell extension 'powershell' for command environment: Not usable outside of PowerShell
[1.756s] DEBUG:colcon.colcon_core.shell:Skip shell extension 'dsv' for command environment
[3.006s] INFO:colcon.colcon_core.task.python.build:Building Python package in '/home/robot/여/project-root/ros2_ws/src/docent_robot'
[3.007s] INFO:colcon.colcon_core.shell:Skip shell extension 'powershell' for command environment: Not usable outside of PowerShell
[3.007s] DEBUG:colcon.colcon_core.shell:Skip shell extension 'dsv' for command environment
[4.695s] DEBUG:colcon.colcon_core.task.python.build:Available setuptools commands: clean, install_headers, build_py, install_data, alias, sdist, register, install_lib, update_catalog, bdist_dumb, build_scripts, upload_docs, egg_info, build_clib, setopt, init_catalog, bdist, install, build, install_scripts, bdist_wheel, extract_messages, compile_catalog, test, bdist_egg, easy_install, install_egg_info, upload, saveopts, rotate, build_ext, bdist_rpm, symlink_data, dist_info, check, develop
[6.029s] DEBUG:colcon.colcon_core.task.python.build:Available setuptools 'develop' options: --no-user-cfg, --local-snapshots-ok, --script-dir, --allow-hosts, --always-copy, --multi-version, --index-url, --prefix, --help, --version, --upgrade, --find-links, --always-unzip, --force-installation-into-system-dir, --dry-run, --install-dir, --no-find-links, --exclude-scripts, --zip-ok, --quiet, --verbose, --record, --no-deps, --editable, --build-directory, --egg-path, --install-layout, --user, --uninstall, --optimize, --site-dirs
[6.035s] DEBUG:colcon.colcon_core.event_handler.log_command:Invoking command in '/home/robot/여/project-root/ros2_ws/build/docent_robot': PYTHONPATH=/home/robot/여/project-root/ros2_ws/build/docent_robot/prefix_override:/usr/lib/python3/dist-packages/colcon_core/task/python/colcon_distutils_commands:/home/robot/여/project-root/ros2_ws/install/docent_robot/lib/python3.10/site-packages:${PYTHONPATH} /usr/bin/python3 -W ignore:setup.py install is deprecated -W ignore:easy_install command is deprecated setup.py develop --editable --build-directory /home/robot/여/project-root/ros2_ws/build/docent_robot/build --no-deps symlink_data
[8.257s] Level 1:colcon.colcon_core.shell:create_environment_hook('docent_robot', 'pythonpath_develop')
[8.258s] INFO:colcon.colcon_core.shell:Creating environment hook '/home/robot/여/project-root/ros2_ws/build/docent_robot/share/docent_robot/hook/pythonpath_develop.ps1'
[8.259s] DEBUG:colcon.colcon_core.event_handler.log_command:Invoked command in '/home/robot/여/project-root/ros2_ws/build/docent_robot' returned '0': PYTHONPATH=/home/robot/여/project-root/ros2_ws/build/docent_robot/prefix_override:/usr/lib/python3/dist-packages/colcon_core/task/python/colcon_distutils_commands:/home/robot/여/project-root/ros2_ws/install/docent_robot/lib/python3.10/site-packages:${PYTHONPATH} /usr/bin/python3 -W ignore:setup.py install is deprecated -W ignore:easy_install command is deprecated setup.py develop --editable --build-directory /home/robot/여/project-root/ros2_ws/build/docent_robot/build --no-deps symlink_data
[8.261s] INFO:colcon.colcon_core.shell:Creating environment descriptor '/home/robot/여/project-root/ros2_ws/build/docent_robot/share/docent_robot/hook/pythonpath_develop.dsv'
[8.263s] INFO:colcon.colcon_core.shell:Creating environment hook '/home/robot/여/project-root/ros2_ws/build/docent_robot/share/docent_robot/hook/pythonpath_develop.sh'
[8.276s] Level 1:colcon.colcon_core.environment:checking '/home/robot/여/project-root/ros2_ws/install/docent_robot' for CMake module files
[8.279s] Level 1:colcon.colcon_core.environment:checking '/home/robot/여/project-root/ros2_ws/install/docent_robot' for CMake config files
[8.283s] Level 1:colcon.colcon_core.environment:checking '/home/robot/여/project-root/ros2_ws/install/docent_robot/lib'
[8.284s] Level 1:colcon.colcon_core.environment:checking '/home/robot/여/project-root/ros2_ws/install/docent_robot/bin'
[8.284s] Level 1:colcon.colcon_core.environment:checking '/home/robot/여/project-root/ros2_ws/install/docent_robot/lib/pkgconfig/docent_robot.pc'
[8.285s] Level 1:colcon.colcon_core.environment:checking '/home/robot/여/project-root/ros2_ws/install/docent_robot/lib/python3.10/site-packages'
[8.285s] Level 1:colcon.colcon_core.shell:create_environment_hook('docent_robot', 'pythonpath')
[8.286s] INFO:colcon.colcon_core.shell:Creating environment hook '/home/robot/여/project-root/ros2_ws/install/docent_robot/share/docent_robot/hook/pythonpath.ps1'
[8.288s] INFO:colcon.colcon_core.shell:Creating environment descriptor '/home/robot/여/project-root/ros2_ws/install/docent_robot/share/docent_robot/hook/pythonpath.dsv'
[8.290s] INFO:colcon.colcon_core.shell:Creating environment hook '/home/robot/여/project-root/ros2_ws/install/docent_robot/share/docent_robot/hook/pythonpath.sh'
[8.294s] Level 1:colcon.colcon_core.environment:checking '/home/robot/여/project-root/ros2_ws/install/docent_robot/bin'
[8.294s] Level 1:colcon.colcon_core.environment:create_environment_scripts_only(docent_robot)
[8.295s] INFO:colcon.colcon_core.shell:Creating package script '/home/robot/여/project-root/ros2_ws/install/docent_robot/share/docent_robot/package.ps1'
[8.301s] INFO:colcon.colcon_core.shell:Creating package descriptor '/home/robot/여/project-root/ros2_ws/install/docent_robot/share/docent_robot/package.dsv'
[8.303s] INFO:colcon.colcon_core.shell:Creating package script '/home/robot/여/project-root/ros2_ws/install/docent_robot/share/docent_robot/package.sh'
[8.307s] INFO:colcon.colcon_core.shell:Creating package script '/home/robot/여/project-root/ros2_ws/install/docent_robot/share/docent_robot/package.bash'
[8.311s] INFO:colcon.colcon_core.shell:Creating package script '/home/robot/여/project-root/ros2_ws/install/docent_robot/share/docent_robot/package.zsh'
[8.314s] Level 1:colcon.colcon_core.environment:create_file_with_runtime_dependencies(/home/robot/여/project-root/ros2_ws/install/docent_robot/share/colcon-core/packages/docent_robot)
[8.315s] DEBUG:colcon.colcon_parallel_executor.executor.parallel:closing loop
[8.316s] DEBUG:colcon.colcon_parallel_executor.executor.parallel:loop closed
[8.316s] DEBUG:colcon.colcon_parallel_executor.executor.parallel:run_until_complete finished with '0'
[8.317s] DEBUG:colcon.colcon_core.event_reactor:joining thread
[8.318s] DEBUG:colcon.colcon_core.event_reactor:joined thread
[8.319s] INFO:colcon.colcon_core.shell:Creating prefix script '/home/robot/여/project-root/ros2_ws/install/local_setup.ps1'
[8.323s] INFO:colcon.colcon_core.shell:Creating prefix util module '/home/robot/여/project-root/ros2_ws/install/_local_setup_util_ps1.py'
[8.329s] INFO:colcon.colcon_core.shell:Creating prefix chain script '/home/robot/여/project-root/ros2_ws/install/setup.ps1'
[8.334s] INFO:colcon.colcon_core.shell:Creating prefix script '/home/robot/여/project-root/ros2_ws/install/local_setup.sh'
[8.337s] INFO:colcon.colcon_core.shell:Creating prefix util module '/home/robot/여/project-root/ros2_ws/install/_local_setup_util_sh.py'
[8.340s] INFO:colcon.colcon_core.shell:Creating prefix chain script '/home/robot/여/project-root/ros2_ws/install/setup.sh'
[8.345s] INFO:colcon.colcon_core.shell:Creating prefix script '/home/robot/여/project-root/ros2_ws/install/local_setup.bash'
[8.347s] INFO:colcon.colcon_core.shell:Creating prefix chain script '/home/robot/여/project-root/ros2_ws/install/setup.bash'
[8.351s] INFO:colcon.colcon_core.shell:Creating prefix script '/home/robot/여/project-root/ros2_ws/install/local_setup.zsh'
[8.354s] INFO:colcon.colcon_core.shell:Creating prefix chain script '/home/robot/여/project-root/ros2_ws/install/setup.zsh'
