[0.486s] DEBUG:colcon:Command line arguments: ['/usr/bin/colcon', 'build', '--symlink-install']
[0.486s] DEBUG:colcon:Parsed command line arguments: Namespace(log_base=None, log_level=None, verb_name='build', build_base='build', install_base='install', merge_install=False, symlink_install=True, test_result_base=None, continue_on_error=False, executor='parallel', parallel_workers=4, event_handlers=None, ignore_user_meta=False, metas=['./colcon.meta'], base_paths=['.'], packages_ignore=None, packages_ignore_regex=None, paths=None, packages_up_to=None, packages_up_to_regex=None, packages_above=None, packages_above_and_dependencies=None, packages_above_depth=None, packages_select_by_dep=None, packages_skip_by_dep=None, packages_skip_up_to=None, packages_select_build_failed=False, packages_skip_build_finished=False, packages_select_test_failures=False, packages_skip_test_passed=False, packages_select=None, packages_skip=None, packages_select_regex=None, packages_skip_regex=None, packages_start=None, packages_end=None, allow_overriding=[], cmake_args=None, cmake_target=None, cmake_target_skip_unavailable=False, cmake_clean_cache=False, cmake_clean_first=False, cmake_force_configure=False, ament_cmake_args=None, catkin_cmake_args=None, catkin_skip_building_tests=False, mixin_files=None, mixin=None, verb_parser=<colcon_mixin.mixin.mixin_argument.MixinArgumentDecorator object at 0xffffb84f2500>, verb_extension=<colcon_core.verb.build.BuildVerb object at 0xffffb868f790>, main=<bound method BuildVerb.main of <colcon_core.verb.build.BuildVerb object at 0xffffb868f790>>, mixin_verb=('build',))
[1.385s] Level 1:colcon.colcon_core.package_discovery:discover_packages(colcon_meta) check parameters
[1.385s] Level 1:colcon.colcon_core.package_discovery:discover_packages(recursive) check parameters
[1.385s] Level 1:colcon.colcon_core.package_discovery:discover_packages(ignore) check parameters
[1.385s] Level 1:colcon.colcon_core.package_discovery:discover_packages(path) check parameters
[1.386s] Level 1:colcon.colcon_core.package_discovery:discover_packages(colcon_meta) discover
[1.386s] Level 1:colcon.colcon_core.package_discovery:discover_packages(recursive) discover
[1.386s] INFO:colcon.colcon_core.package_discovery:Crawling recursively for packages in '/home/robot/여/project-root/ros2_ws'
[1.386s] Level 1:colcon.colcon_core.package_identification:_identify(.) by extensions ['ignore', 'ignore_ament_install']
[1.387s] Level 1:colcon.colcon_core.package_identification:_identify(.) by extension 'ignore'
[1.387s] Level 1:colcon.colcon_core.package_identification:_identify(.) by extension 'ignore_ament_install'
[1.387s] Level 1:colcon.colcon_core.package_identification:_identify(.) by extensions ['colcon_pkg']
[1.387s] Level 1:colcon.colcon_core.package_identification:_identify(.) by extension 'colcon_pkg'
[1.387s] Level 1:colcon.colcon_core.package_identification:_identify(.) by extensions ['colcon_meta']
[1.388s] Level 1:colcon.colcon_core.package_identification:_identify(.) by extension 'colcon_meta'
[1.388s] Level 1:colcon.colcon_core.package_identification:_identify(.) by extensions ['ros']
[1.388s] Level 1:colcon.colcon_core.package_identification:_identify(.) by extension 'ros'
[1.433s] Level 1:colcon.colcon_core.package_identification:_identify(.) by extensions ['cmake', 'python']
[1.433s] Level 1:colcon.colcon_core.package_identification:_identify(.) by extension 'cmake'
[1.433s] Level 1:colcon.colcon_core.package_identification:_identify(.) by extension 'python'
[1.434s] Level 1:colcon.colcon_core.package_identification:_identify(.) by extensions ['python_setup_py']
[1.434s] Level 1:colcon.colcon_core.package_identification:_identify(.) by extension 'python_setup_py'
[1.434s] Level 1:colcon.colcon_core.package_identification:_identify(build) by extensions ['ignore', 'ignore_ament_install']
[1.435s] Level 1:colcon.colcon_core.package_identification:_identify(build) by extension 'ignore'
[1.435s] Level 1:colcon.colcon_core.package_identification:_identify(build) ignored
[1.435s] Level 1:colcon.colcon_core.package_identification:_identify(install) by extensions ['ignore', 'ignore_ament_install']
[1.436s] Level 1:colcon.colcon_core.package_identification:_identify(install) by extension 'ignore'
[1.436s] Level 1:colcon.colcon_core.package_identification:_identify(install) ignored
[1.436s] Level 1:colcon.colcon_core.package_identification:_identify(log) by extensions ['ignore', 'ignore_ament_install']
[1.437s] Level 1:colcon.colcon_core.package_identification:_identify(log) by extension 'ignore'
[1.437s] Level 1:colcon.colcon_core.package_identification:_identify(log) ignored
[1.438s] Level 1:colcon.colcon_core.package_identification:_identify(src) by extensions ['ignore', 'ignore_ament_install']
[1.438s] Level 1:colcon.colcon_core.package_identification:_identify(src) by extension 'ignore'
[1.438s] Level 1:colcon.colcon_core.package_identification:_identify(src) by extension 'ignore_ament_install'
[1.439s] Level 1:colcon.colcon_core.package_identification:_identify(src) by extensions ['colcon_pkg']
[1.439s] Level 1:colcon.colcon_core.package_identification:_identify(src) by extension 'colcon_pkg'
[1.439s] Level 1:colcon.colcon_core.package_identification:_identify(src) by extensions ['colcon_meta']
[1.439s] Level 1:colcon.colcon_core.package_identification:_identify(src) by extension 'colcon_meta'
[1.439s] Level 1:colcon.colcon_core.package_identification:_identify(src) by extensions ['ros']
[1.439s] Level 1:colcon.colcon_core.package_identification:_identify(src) by extension 'ros'
[1.440s] Level 1:colcon.colcon_core.package_identification:_identify(src) by extensions ['cmake', 'python']
[1.440s] Level 1:colcon.colcon_core.package_identification:_identify(src) by extension 'cmake'
[1.440s] Level 1:colcon.colcon_core.package_identification:_identify(src) by extension 'python'
[1.440s] Level 1:colcon.colcon_core.package_identification:_identify(src) by extensions ['python_setup_py']
[1.440s] Level 1:colcon.colcon_core.package_identification:_identify(src) by extension 'python_setup_py'
[1.441s] Level 1:colcon.colcon_core.package_identification:_identify(src/docent_robot) by extensions ['ignore', 'ignore_ament_install']
[1.441s] Level 1:colcon.colcon_core.package_identification:_identify(src/docent_robot) by extension 'ignore'
[1.441s] Level 1:colcon.colcon_core.package_identification:_identify(src/docent_robot) by extension 'ignore_ament_install'
[1.441s] Level 1:colcon.colcon_core.package_identification:_identify(src/docent_robot) by extensions ['colcon_pkg']
[1.442s] Level 1:colcon.colcon_core.package_identification:_identify(src/docent_robot) by extension 'colcon_pkg'
[1.442s] Level 1:colcon.colcon_core.package_identification:_identify(src/docent_robot) by extensions ['colcon_meta']
[1.442s] Level 1:colcon.colcon_core.package_identification:_identify(src/docent_robot) by extension 'colcon_meta'
[1.442s] Level 1:colcon.colcon_core.package_identification:_identify(src/docent_robot) by extensions ['ros']
[1.442s] Level 1:colcon.colcon_core.package_identification:_identify(src/docent_robot) by extension 'ros'
[1.451s] DEBUG:colcon.colcon_core.package_identification:Package 'src/docent_robot' with type 'ros.ament_python' and name 'docent_robot'
[1.452s] Level 1:colcon.colcon_core.package_discovery:discover_packages(recursive) using defaults
[1.452s] Level 1:colcon.colcon_core.package_discovery:discover_packages(ignore) discover
[1.452s] Level 1:colcon.colcon_core.package_discovery:discover_packages(ignore) using defaults
[1.452s] Level 1:colcon.colcon_core.package_discovery:discover_packages(path) discover
[1.452s] Level 1:colcon.colcon_core.package_discovery:discover_packages(path) using defaults
[1.575s] Level 1:colcon.colcon_core.package_discovery:discover_packages(prefix_path) check parameters
[1.575s] Level 1:colcon.colcon_core.package_discovery:discover_packages(prefix_path) discover
[1.583s] DEBUG:colcon.colcon_installed_package_information.package_discovery:Found 1 installed packages in /home/robot/여/project-root/ros2_ws/install
[1.594s] DEBUG:colcon.colcon_installed_package_information.package_discovery:Found 339 installed packages in /opt/ros/humble
[1.603s] Level 1:colcon.colcon_core.package_discovery:discover_packages(prefix_path) using defaults
[1.817s] Level 5:colcon.colcon_core.verb:set package 'docent_robot' build argument 'cmake_args' from command line to 'None'
[1.818s] Level 5:colcon.colcon_core.verb:set package 'docent_robot' build argument 'cmake_target' from command line to 'None'
[1.818s] Level 5:colcon.colcon_core.verb:set package 'docent_robot' build argument 'cmake_target_skip_unavailable' from command line to 'False'
[1.818s] Level 5:colcon.colcon_core.verb:set package 'docent_robot' build argument 'cmake_clean_cache' from command line to 'False'
[1.818s] Level 5:colcon.colcon_core.verb:set package 'docent_robot' build argument 'cmake_clean_first' from command line to 'False'
[1.818s] Level 5:colcon.colcon_core.verb:set package 'docent_robot' build argument 'cmake_force_configure' from command line to 'False'
[1.818s] Level 5:colcon.colcon_core.verb:set package 'docent_robot' build argument 'ament_cmake_args' from command line to 'None'
[1.818s] Level 5:colcon.colcon_core.verb:set package 'docent_robot' build argument 'catkin_cmake_args' from command line to 'None'
[1.818s] Level 5:colcon.colcon_core.verb:set package 'docent_robot' build argument 'catkin_skip_building_tests' from command line to 'False'
[1.819s] DEBUG:colcon.colcon_core.verb:Building package 'docent_robot' with the following arguments: {'ament_cmake_args': None, 'build_base': '/home/robot/여/project-root/ros2_ws/build/docent_robot', 'catkin_cmake_args': None, 'catkin_skip_building_tests': False, 'cmake_args': None, 'cmake_clean_cache': False, 'cmake_clean_first': False, 'cmake_force_configure': False, 'cmake_target': None, 'cmake_target_skip_unavailable': False, 'install_base': '/home/robot/여/project-root/ros2_ws/install/docent_robot', 'merge_install': False, 'path': '/home/robot/여/project-root/ros2_ws/src/docent_robot', 'symlink_install': True, 'test_result_base': None}
[1.819s] INFO:colcon.colcon_core.executor:Executing jobs using 'parallel' executor
[1.822s] DEBUG:colcon.colcon_parallel_executor.executor.parallel:run_until_complete
[1.823s] INFO:colcon.colcon_ros.task.ament_python.build:Building ROS package in '/home/robot/여/project-root/ros2_ws/src/docent_robot' with build type 'ament_python'
[1.824s] Level 1:colcon.colcon_core.shell:create_environment_hook('docent_robot', 'ament_prefix_path')
[1.833s] INFO:colcon.colcon_core.plugin_system:Skipping extension 'colcon_core.shell.bat': Not used on non-Windows systems
[1.834s] INFO:colcon.colcon_core.shell:Creating environment hook '/home/robot/여/project-root/ros2_ws/install/docent_robot/share/docent_robot/hook/ament_prefix_path.ps1'
[1.837s] INFO:colcon.colcon_core.shell:Creating environment descriptor '/home/robot/여/project-root/ros2_ws/install/docent_robot/share/docent_robot/hook/ament_prefix_path.dsv'
[1.840s] INFO:colcon.colcon_core.shell:Creating environment hook '/home/robot/여/project-root/ros2_ws/install/docent_robot/share/docent_robot/hook/ament_prefix_path.sh'
[1.843s] INFO:colcon.colcon_core.shell:Skip shell extension 'powershell' for command environment: Not usable outside of PowerShell
[1.843s] DEBUG:colcon.colcon_core.shell:Skip shell extension 'dsv' for command environment
[3.140s] INFO:colcon.colcon_core.task.python.build:Building Python package in '/home/robot/여/project-root/ros2_ws/src/docent_robot'
[3.141s] INFO:colcon.colcon_core.shell:Skip shell extension 'powershell' for command environment: Not usable outside of PowerShell
[3.141s] DEBUG:colcon.colcon_core.shell:Skip shell extension 'dsv' for command environment
[4.897s] DEBUG:colcon.colcon_core.task.python.build:Available setuptools commands: egg_info, install_lib, compile_catalog, setopt, install_data, build_clib, rotate, easy_install, symlink_data, bdist_egg, update_catalog, bdist_wheel, alias, build, saveopts, install_egg_info, register, dist_info, clean, bdist, bdist_rpm, install, install_headers, build_py, sdist, check, test, extract_messages, develop, build_ext, init_catalog, upload, install_scripts, bdist_dumb, upload_docs, build_scripts
[6.290s] DEBUG:colcon.colcon_core.task.python.build:Available setuptools 'develop' options: --uninstall, --script-dir, --upgrade, --optimize, --user, --no-find-links, --dry-run, --prefix, --no-user-cfg, --egg-path, --editable, --quiet, --find-links, --install-layout, --help, --site-dirs, --allow-hosts, --force-installation-into-system-dir, --zip-ok, --exclude-scripts, --version, --index-url, --always-unzip, --local-snapshots-ok, --install-dir, --no-deps, --always-copy, --record, --verbose, --multi-version, --build-directory
[6.296s] DEBUG:colcon.colcon_core.event_handler.log_command:Invoking command in '/home/robot/여/project-root/ros2_ws/build/docent_robot': PYTHONPATH=/home/robot/여/project-root/ros2_ws/build/docent_robot/prefix_override:/usr/lib/python3/dist-packages/colcon_core/task/python/colcon_distutils_commands:/home/robot/여/project-root/ros2_ws/install/docent_robot/lib/python3.10/site-packages:${PYTHONPATH} /usr/bin/python3 -W ignore:setup.py install is deprecated -W ignore:easy_install command is deprecated setup.py develop --editable --build-directory /home/robot/여/project-root/ros2_ws/build/docent_robot/build --no-deps symlink_data
[8.631s] Level 1:colcon.colcon_core.shell:create_environment_hook('docent_robot', 'pythonpath_develop')
[8.632s] INFO:colcon.colcon_core.shell:Creating environment hook '/home/robot/여/project-root/ros2_ws/build/docent_robot/share/docent_robot/hook/pythonpath_develop.ps1'
[8.633s] DEBUG:colcon.colcon_core.event_handler.log_command:Invoked command in '/home/robot/여/project-root/ros2_ws/build/docent_robot' returned '0': PYTHONPATH=/home/robot/여/project-root/ros2_ws/build/docent_robot/prefix_override:/usr/lib/python3/dist-packages/colcon_core/task/python/colcon_distutils_commands:/home/robot/여/project-root/ros2_ws/install/docent_robot/lib/python3.10/site-packages:${PYTHONPATH} /usr/bin/python3 -W ignore:setup.py install is deprecated -W ignore:easy_install command is deprecated setup.py develop --editable --build-directory /home/robot/여/project-root/ros2_ws/build/docent_robot/build --no-deps symlink_data
[8.635s] INFO:colcon.colcon_core.shell:Creating environment descriptor '/home/robot/여/project-root/ros2_ws/build/docent_robot/share/docent_robot/hook/pythonpath_develop.dsv'
[8.637s] INFO:colcon.colcon_core.shell:Creating environment hook '/home/robot/여/project-root/ros2_ws/build/docent_robot/share/docent_robot/hook/pythonpath_develop.sh'
[8.650s] Level 1:colcon.colcon_core.environment:checking '/home/robot/여/project-root/ros2_ws/install/docent_robot' for CMake module files
[8.652s] Level 1:colcon.colcon_core.environment:checking '/home/robot/여/project-root/ros2_ws/install/docent_robot' for CMake config files
[8.655s] Level 1:colcon.colcon_core.environment:checking '/home/robot/여/project-root/ros2_ws/install/docent_robot/lib'
[8.656s] Level 1:colcon.colcon_core.environment:checking '/home/robot/여/project-root/ros2_ws/install/docent_robot/bin'
[8.656s] Level 1:colcon.colcon_core.environment:checking '/home/robot/여/project-root/ros2_ws/install/docent_robot/lib/pkgconfig/docent_robot.pc'
[8.657s] Level 1:colcon.colcon_core.environment:checking '/home/robot/여/project-root/ros2_ws/install/docent_robot/lib/python3.10/site-packages'
[8.658s] Level 1:colcon.colcon_core.shell:create_environment_hook('docent_robot', 'pythonpath')
[8.659s] INFO:colcon.colcon_core.shell:Creating environment hook '/home/robot/여/project-root/ros2_ws/install/docent_robot/share/docent_robot/hook/pythonpath.ps1'
[8.661s] INFO:colcon.colcon_core.shell:Creating environment descriptor '/home/robot/여/project-root/ros2_ws/install/docent_robot/share/docent_robot/hook/pythonpath.dsv'
[8.662s] INFO:colcon.colcon_core.shell:Creating environment hook '/home/robot/여/project-root/ros2_ws/install/docent_robot/share/docent_robot/hook/pythonpath.sh'
[8.667s] Level 1:colcon.colcon_core.environment:checking '/home/robot/여/project-root/ros2_ws/install/docent_robot/bin'
[8.667s] Level 1:colcon.colcon_core.environment:create_environment_scripts_only(docent_robot)
[8.669s] INFO:colcon.colcon_core.shell:Creating package script '/home/robot/여/project-root/ros2_ws/install/docent_robot/share/docent_robot/package.ps1'
[8.674s] INFO:colcon.colcon_core.shell:Creating package descriptor '/home/robot/여/project-root/ros2_ws/install/docent_robot/share/docent_robot/package.dsv'
[8.676s] INFO:colcon.colcon_core.shell:Creating package script '/home/robot/여/project-root/ros2_ws/install/docent_robot/share/docent_robot/package.sh'
[8.680s] INFO:colcon.colcon_core.shell:Creating package script '/home/robot/여/project-root/ros2_ws/install/docent_robot/share/docent_robot/package.bash'
[8.684s] INFO:colcon.colcon_core.shell:Creating package script '/home/robot/여/project-root/ros2_ws/install/docent_robot/share/docent_robot/package.zsh'
[8.687s] Level 1:colcon.colcon_core.environment:create_file_with_runtime_dependencies(/home/robot/여/project-root/ros2_ws/install/docent_robot/share/colcon-core/packages/docent_robot)
[8.689s] DEBUG:colcon.colcon_parallel_executor.executor.parallel:closing loop
[8.690s] DEBUG:colcon.colcon_parallel_executor.executor.parallel:loop closed
[8.691s] DEBUG:colcon.colcon_parallel_executor.executor.parallel:run_until_complete finished with '0'
[8.691s] DEBUG:colcon.colcon_core.event_reactor:joining thread
[8.692s] DEBUG:colcon.colcon_core.event_reactor:joined thread
[8.693s] INFO:colcon.colcon_core.shell:Creating prefix script '/home/robot/여/project-root/ros2_ws/install/local_setup.ps1'
[8.697s] INFO:colcon.colcon_core.shell:Creating prefix util module '/home/robot/여/project-root/ros2_ws/install/_local_setup_util_ps1.py'
[8.704s] INFO:colcon.colcon_core.shell:Creating prefix chain script '/home/robot/여/project-root/ros2_ws/install/setup.ps1'
[8.709s] INFO:colcon.colcon_core.shell:Creating prefix script '/home/robot/여/project-root/ros2_ws/install/local_setup.sh'
[8.712s] INFO:colcon.colcon_core.shell:Creating prefix util module '/home/robot/여/project-root/ros2_ws/install/_local_setup_util_sh.py'
[8.714s] INFO:colcon.colcon_core.shell:Creating prefix chain script '/home/robot/여/project-root/ros2_ws/install/setup.sh'
[8.719s] INFO:colcon.colcon_core.shell:Creating prefix script '/home/robot/여/project-root/ros2_ws/install/local_setup.bash'
[8.722s] INFO:colcon.colcon_core.shell:Creating prefix chain script '/home/robot/여/project-root/ros2_ws/install/setup.bash'
[8.726s] INFO:colcon.colcon_core.shell:Creating prefix script '/home/robot/여/project-root/ros2_ws/install/local_setup.zsh'
[8.729s] INFO:colcon.colcon_core.shell:Creating prefix chain script '/home/robot/여/project-root/ros2_ws/install/setup.zsh'
