[0.879s] DEBUG:colcon:Command line arguments: ['/usr/bin/colcon', 'build', '--symlink-install']
[0.879s] DEBUG:colcon:Parsed command line arguments: Namespace(log_base=None, log_level=None, verb_name='build', build_base='build', install_base='install', merge_install=False, symlink_install=True, test_result_base=None, continue_on_error=False, executor='parallel', parallel_workers=4, event_handlers=None, ignore_user_meta=False, metas=['./colcon.meta'], base_paths=['.'], packages_ignore=None, packages_ignore_regex=None, paths=None, packages_up_to=None, packages_up_to_regex=None, packages_above=None, packages_above_and_dependencies=None, packages_above_depth=None, packages_select_by_dep=None, packages_skip_by_dep=None, packages_skip_up_to=None, packages_select_build_failed=False, packages_skip_build_finished=False, packages_select_test_failures=False, packages_skip_test_passed=False, packages_select=None, packages_skip=None, packages_select_regex=None, packages_skip_regex=None, packages_start=None, packages_end=None, allow_overriding=[], cmake_args=None, cmake_target=None, cmake_target_skip_unavailable=False, cmake_clean_cache=False, cmake_clean_first=False, cmake_force_configure=False, ament_cmake_args=None, catkin_cmake_args=None, catkin_skip_building_tests=False, mixin_files=None, mixin=None, verb_parser=<colcon_mixin.mixin.mixin_argument.MixinArgumentDecorator object at 0xffff949c1f90>, verb_extension=<colcon_core.verb.build.BuildVerb object at 0xffff94b6f220>, main=<bound method BuildVerb.main of <colcon_core.verb.build.BuildVerb object at 0xffff94b6f220>>, mixin_verb=('build',))
[2.353s] Level 1:colcon.colcon_core.package_discovery:discover_packages(colcon_meta) check parameters
[2.354s] Level 1:colcon.colcon_core.package_discovery:discover_packages(recursive) check parameters
[2.354s] Level 1:colcon.colcon_core.package_discovery:discover_packages(ignore) check parameters
[2.354s] Level 1:colcon.colcon_core.package_discovery:discover_packages(path) check parameters
[2.354s] Level 1:colcon.colcon_core.package_discovery:discover_packages(colcon_meta) discover
[2.354s] Level 1:colcon.colcon_core.package_discovery:discover_packages(recursive) discover
[2.355s] INFO:colcon.colcon_core.package_discovery:Crawling recursively for packages in '/home/robot/여/project-root/ros2_ws'
[2.355s] Level 1:colcon.colcon_core.package_identification:_identify(.) by extensions ['ignore', 'ignore_ament_install']
[2.356s] Level 1:colcon.colcon_core.package_identification:_identify(.) by extension 'ignore'
[2.356s] Level 1:colcon.colcon_core.package_identification:_identify(.) by extension 'ignore_ament_install'
[2.356s] Level 1:colcon.colcon_core.package_identification:_identify(.) by extensions ['colcon_pkg']
[2.357s] Level 1:colcon.colcon_core.package_identification:_identify(.) by extension 'colcon_pkg'
[2.357s] Level 1:colcon.colcon_core.package_identification:_identify(.) by extensions ['colcon_meta']
[2.357s] Level 1:colcon.colcon_core.package_identification:_identify(.) by extension 'colcon_meta'
[2.357s] Level 1:colcon.colcon_core.package_identification:_identify(.) by extensions ['ros']
[2.357s] Level 1:colcon.colcon_core.package_identification:_identify(.) by extension 'ros'
[2.424s] Level 1:colcon.colcon_core.package_identification:_identify(.) by extensions ['cmake', 'python']
[2.424s] Level 1:colcon.colcon_core.package_identification:_identify(.) by extension 'cmake'
[2.424s] Level 1:colcon.colcon_core.package_identification:_identify(.) by extension 'python'
[2.424s] Level 1:colcon.colcon_core.package_identification:_identify(.) by extensions ['python_setup_py']
[2.425s] Level 1:colcon.colcon_core.package_identification:_identify(.) by extension 'python_setup_py'
[2.425s] Level 1:colcon.colcon_core.package_identification:_identify(build) by extensions ['ignore', 'ignore_ament_install']
[2.425s] Level 1:colcon.colcon_core.package_identification:_identify(build) by extension 'ignore'
[2.426s] Level 1:colcon.colcon_core.package_identification:_identify(build) ignored
[2.426s] Level 1:colcon.colcon_core.package_identification:_identify(install) by extensions ['ignore', 'ignore_ament_install']
[2.427s] Level 1:colcon.colcon_core.package_identification:_identify(install) by extension 'ignore'
[2.427s] Level 1:colcon.colcon_core.package_identification:_identify(install) ignored
[2.427s] Level 1:colcon.colcon_core.package_identification:_identify(log) by extensions ['ignore', 'ignore_ament_install']
[2.428s] Level 1:colcon.colcon_core.package_identification:_identify(log) by extension 'ignore'
[2.428s] Level 1:colcon.colcon_core.package_identification:_identify(log) ignored
[2.428s] Level 1:colcon.colcon_core.package_identification:_identify(src) by extensions ['ignore', 'ignore_ament_install']
[2.428s] Level 1:colcon.colcon_core.package_identification:_identify(src) by extension 'ignore'
[2.429s] Level 1:colcon.colcon_core.package_identification:_identify(src) by extension 'ignore_ament_install'
[2.429s] Level 1:colcon.colcon_core.package_identification:_identify(src) by extensions ['colcon_pkg']
[2.429s] Level 1:colcon.colcon_core.package_identification:_identify(src) by extension 'colcon_pkg'
[2.429s] Level 1:colcon.colcon_core.package_identification:_identify(src) by extensions ['colcon_meta']
[2.429s] Level 1:colcon.colcon_core.package_identification:_identify(src) by extension 'colcon_meta'
[2.429s] Level 1:colcon.colcon_core.package_identification:_identify(src) by extensions ['ros']
[2.429s] Level 1:colcon.colcon_core.package_identification:_identify(src) by extension 'ros'
[2.430s] Level 1:colcon.colcon_core.package_identification:_identify(src) by extensions ['cmake', 'python']
[2.430s] Level 1:colcon.colcon_core.package_identification:_identify(src) by extension 'cmake'
[2.430s] Level 1:colcon.colcon_core.package_identification:_identify(src) by extension 'python'
[2.430s] Level 1:colcon.colcon_core.package_identification:_identify(src) by extensions ['python_setup_py']
[2.430s] Level 1:colcon.colcon_core.package_identification:_identify(src) by extension 'python_setup_py'
[2.431s] Level 1:colcon.colcon_core.package_identification:_identify(src/docent_robot) by extensions ['ignore', 'ignore_ament_install']
[2.431s] Level 1:colcon.colcon_core.package_identification:_identify(src/docent_robot) by extension 'ignore'
[2.431s] Level 1:colcon.colcon_core.package_identification:_identify(src/docent_robot) by extension 'ignore_ament_install'
[2.432s] Level 1:colcon.colcon_core.package_identification:_identify(src/docent_robot) by extensions ['colcon_pkg']
[2.432s] Level 1:colcon.colcon_core.package_identification:_identify(src/docent_robot) by extension 'colcon_pkg'
[2.432s] Level 1:colcon.colcon_core.package_identification:_identify(src/docent_robot) by extensions ['colcon_meta']
[2.432s] Level 1:colcon.colcon_core.package_identification:_identify(src/docent_robot) by extension 'colcon_meta'
[2.432s] Level 1:colcon.colcon_core.package_identification:_identify(src/docent_robot) by extensions ['ros']
[2.432s] Level 1:colcon.colcon_core.package_identification:_identify(src/docent_robot) by extension 'ros'
[2.445s] DEBUG:colcon.colcon_core.package_identification:Package 'src/docent_robot' with type 'ros.ament_python' and name 'docent_robot'
[2.445s] Level 1:colcon.colcon_core.package_discovery:discover_packages(recursive) using defaults
[2.445s] Level 1:colcon.colcon_core.package_discovery:discover_packages(ignore) discover
[2.446s] Level 1:colcon.colcon_core.package_discovery:discover_packages(ignore) using defaults
[2.446s] Level 1:colcon.colcon_core.package_discovery:discover_packages(path) discover
[2.446s] Level 1:colcon.colcon_core.package_discovery:discover_packages(path) using defaults
[2.631s] Level 1:colcon.colcon_core.package_discovery:discover_packages(prefix_path) check parameters
[2.631s] Level 1:colcon.colcon_core.package_discovery:discover_packages(prefix_path) discover
[2.662s] DEBUG:colcon.colcon_installed_package_information.package_discovery:Found 339 installed packages in /opt/ros/humble
[2.670s] Level 1:colcon.colcon_core.package_discovery:discover_packages(prefix_path) using defaults
[2.881s] Level 5:colcon.colcon_core.verb:set package 'docent_robot' build argument 'cmake_args' from command line to 'None'
[2.882s] Level 5:colcon.colcon_core.verb:set package 'docent_robot' build argument 'cmake_target' from command line to 'None'
[2.882s] Level 5:colcon.colcon_core.verb:set package 'docent_robot' build argument 'cmake_target_skip_unavailable' from command line to 'False'
[2.882s] Level 5:colcon.colcon_core.verb:set package 'docent_robot' build argument 'cmake_clean_cache' from command line to 'False'
[2.882s] Level 5:colcon.colcon_core.verb:set package 'docent_robot' build argument 'cmake_clean_first' from command line to 'False'
[2.882s] Level 5:colcon.colcon_core.verb:set package 'docent_robot' build argument 'cmake_force_configure' from command line to 'False'
[2.882s] Level 5:colcon.colcon_core.verb:set package 'docent_robot' build argument 'ament_cmake_args' from command line to 'None'
[2.882s] Level 5:colcon.colcon_core.verb:set package 'docent_robot' build argument 'catkin_cmake_args' from command line to 'None'
[2.882s] Level 5:colcon.colcon_core.verb:set package 'docent_robot' build argument 'catkin_skip_building_tests' from command line to 'False'
[2.882s] DEBUG:colcon.colcon_core.verb:Building package 'docent_robot' with the following arguments: {'ament_cmake_args': None, 'build_base': '/home/robot/여/project-root/ros2_ws/build/docent_robot', 'catkin_cmake_args': None, 'catkin_skip_building_tests': False, 'cmake_args': None, 'cmake_clean_cache': False, 'cmake_clean_first': False, 'cmake_force_configure': False, 'cmake_target': None, 'cmake_target_skip_unavailable': False, 'install_base': '/home/robot/여/project-root/ros2_ws/install/docent_robot', 'merge_install': False, 'path': '/home/robot/여/project-root/ros2_ws/src/docent_robot', 'symlink_install': True, 'test_result_base': None}
[2.883s] INFO:colcon.colcon_core.executor:Executing jobs using 'parallel' executor
[2.886s] DEBUG:colcon.colcon_parallel_executor.executor.parallel:run_until_complete
[2.887s] INFO:colcon.colcon_ros.task.ament_python.build:Building ROS package in '/home/robot/여/project-root/ros2_ws/src/docent_robot' with build type 'ament_python'
[2.887s] Level 1:colcon.colcon_core.shell:create_environment_hook('docent_robot', 'ament_prefix_path')
[2.917s] INFO:colcon.colcon_core.plugin_system:Skipping extension 'colcon_core.shell.bat': Not used on non-Windows systems
[2.918s] INFO:colcon.colcon_core.shell:Creating environment hook '/home/robot/여/project-root/ros2_ws/install/docent_robot/share/docent_robot/hook/ament_prefix_path.ps1'
[2.924s] INFO:colcon.colcon_core.shell:Creating environment descriptor '/home/robot/여/project-root/ros2_ws/install/docent_robot/share/docent_robot/hook/ament_prefix_path.dsv'
[2.950s] INFO:colcon.colcon_core.shell:Creating environment hook '/home/robot/여/project-root/ros2_ws/install/docent_robot/share/docent_robot/hook/ament_prefix_path.sh'
[3.032s] INFO:colcon.colcon_core.shell:Skip shell extension 'powershell' for command environment: Not usable outside of PowerShell
[3.032s] DEBUG:colcon.colcon_core.shell:Skip shell extension 'dsv' for command environment
[4.342s] INFO:colcon.colcon_core.task.python.build:Building Python package in '/home/robot/여/project-root/ros2_ws/src/docent_robot'
[4.343s] INFO:colcon.colcon_core.shell:Skip shell extension 'powershell' for command environment: Not usable outside of PowerShell
[4.343s] DEBUG:colcon.colcon_core.shell:Skip shell extension 'dsv' for command environment
[7.587s] DEBUG:colcon.colcon_core.task.python.build:Available setuptools commands: build_py, install_lib, setopt, bdist_wheel, bdist_rpm, alias, update_catalog, install_scripts, upload_docs, clean, install, init_catalog, build_scripts, easy_install, rotate, build_ext, check, saveopts, install_egg_info, upload, register, bdist_egg, build, install_data, develop, sdist, install_headers, symlink_data, dist_info, extract_messages, bdist, compile_catalog, bdist_dumb, egg_info, test, build_clib
[8.905s] DEBUG:colcon.colcon_core.task.python.build:Available setuptools 'develop' options: --prefix, --version, --script-dir, --dry-run, --multi-version, --find-links, --always-unzip, --index-url, --install-layout, --quiet, --user, --zip-ok, --no-user-cfg, --allow-hosts, --egg-path, --exclude-scripts, --local-snapshots-ok, --help, --uninstall, --verbose, --no-find-links, --always-copy, --install-dir, --build-directory, --force-installation-into-system-dir, --no-deps, --editable, --upgrade, --site-dirs, --optimize, --record
[8.928s] DEBUG:colcon.colcon_core.event_handler.log_command:Invoking command in '/home/robot/여/project-root/ros2_ws/build/docent_robot': PYTHONPATH=/home/robot/여/project-root/ros2_ws/build/docent_robot/prefix_override:/usr/lib/python3/dist-packages/colcon_core/task/python/colcon_distutils_commands:/home/robot/여/project-root/ros2_ws/install/docent_robot/lib/python3.10/site-packages:${PYTHONPATH} /usr/bin/python3 -W ignore:setup.py install is deprecated -W ignore:easy_install command is deprecated setup.py develop --editable --build-directory /home/robot/여/project-root/ros2_ws/build/docent_robot/build --no-deps symlink_data
[11.540s] Level 1:colcon.colcon_core.shell:create_environment_hook('docent_robot', 'pythonpath_develop')
[11.541s] DEBUG:colcon.colcon_core.event_handler.log_command:Invoked command in '/home/robot/여/project-root/ros2_ws/build/docent_robot' returned '0': PYTHONPATH=/home/robot/여/project-root/ros2_ws/build/docent_robot/prefix_override:/usr/lib/python3/dist-packages/colcon_core/task/python/colcon_distutils_commands:/home/robot/여/project-root/ros2_ws/install/docent_robot/lib/python3.10/site-packages:${PYTHONPATH} /usr/bin/python3 -W ignore:setup.py install is deprecated -W ignore:easy_install command is deprecated setup.py develop --editable --build-directory /home/robot/여/project-root/ros2_ws/build/docent_robot/build --no-deps symlink_data
[11.789s] INFO:colcon.colcon_core.shell:Creating environment hook '/home/robot/여/project-root/ros2_ws/build/docent_robot/share/docent_robot/hook/pythonpath_develop.ps1'
[15.926s] INFO:colcon.colcon_core.shell:Creating environment descriptor '/home/robot/여/project-root/ros2_ws/build/docent_robot/share/docent_robot/hook/pythonpath_develop.dsv'
[15.931s] INFO:colcon.colcon_core.shell:Creating environment hook '/home/robot/여/project-root/ros2_ws/build/docent_robot/share/docent_robot/hook/pythonpath_develop.sh'
[25.332s] Level 1:colcon.colcon_core.environment:checking '/home/robot/여/project-root/ros2_ws/install/docent_robot' for CMake module files
[25.335s] Level 1:colcon.colcon_core.environment:checking '/home/robot/여/project-root/ros2_ws/install/docent_robot' for CMake config files
[25.340s] Level 1:colcon.colcon_core.environment:checking '/home/robot/여/project-root/ros2_ws/install/docent_robot/lib'
[25.341s] Level 1:colcon.colcon_core.environment:checking '/home/robot/여/project-root/ros2_ws/install/docent_robot/bin'
[25.341s] Level 1:colcon.colcon_core.environment:checking '/home/robot/여/project-root/ros2_ws/install/docent_robot/lib/pkgconfig/docent_robot.pc'
[25.342s] Level 1:colcon.colcon_core.environment:checking '/home/robot/여/project-root/ros2_ws/install/docent_robot/lib/python3.10/site-packages'
[25.342s] Level 1:colcon.colcon_core.shell:create_environment_hook('docent_robot', 'pythonpath')
[25.343s] INFO:colcon.colcon_core.shell:Creating environment hook '/home/robot/여/project-root/ros2_ws/install/docent_robot/share/docent_robot/hook/pythonpath.ps1'
[25.346s] INFO:colcon.colcon_core.shell:Creating environment descriptor '/home/robot/여/project-root/ros2_ws/install/docent_robot/share/docent_robot/hook/pythonpath.dsv'
[25.348s] INFO:colcon.colcon_core.shell:Creating environment hook '/home/robot/여/project-root/ros2_ws/install/docent_robot/share/docent_robot/hook/pythonpath.sh'
[25.351s] Level 1:colcon.colcon_core.environment:checking '/home/robot/여/project-root/ros2_ws/install/docent_robot/bin'
[25.351s] Level 1:colcon.colcon_core.environment:create_environment_scripts_only(docent_robot)
[25.353s] INFO:colcon.colcon_core.shell:Creating package script '/home/robot/여/project-root/ros2_ws/install/docent_robot/share/docent_robot/package.ps1'
[25.381s] INFO:colcon.colcon_core.shell:Creating package descriptor '/home/robot/여/project-root/ros2_ws/install/docent_robot/share/docent_robot/package.dsv'
[25.388s] INFO:colcon.colcon_core.shell:Creating package script '/home/robot/여/project-root/ros2_ws/install/docent_robot/share/docent_robot/package.sh'
[25.394s] INFO:colcon.colcon_core.shell:Creating package script '/home/robot/여/project-root/ros2_ws/install/docent_robot/share/docent_robot/package.bash'
[25.402s] INFO:colcon.colcon_core.shell:Creating package script '/home/robot/여/project-root/ros2_ws/install/docent_robot/share/docent_robot/package.zsh'
[25.410s] Level 1:colcon.colcon_core.environment:create_file_with_runtime_dependencies(/home/robot/여/project-root/ros2_ws/install/docent_robot/share/colcon-core/packages/docent_robot)
[25.411s] DEBUG:colcon.colcon_parallel_executor.executor.parallel:closing loop
[25.415s] DEBUG:colcon.colcon_parallel_executor.executor.parallel:loop closed
[25.415s] DEBUG:colcon.colcon_parallel_executor.executor.parallel:run_until_complete finished with '0'
[25.415s] DEBUG:colcon.colcon_core.event_reactor:joining thread
[25.416s] DEBUG:colcon.colcon_core.event_reactor:joined thread
[25.417s] INFO:colcon.colcon_core.shell:Creating prefix script '/home/robot/여/project-root/ros2_ws/install/local_setup.ps1'
[25.423s] INFO:colcon.colcon_core.shell:Creating prefix util module '/home/robot/여/project-root/ros2_ws/install/_local_setup_util_ps1.py'
[25.432s] INFO:colcon.colcon_core.shell:Creating prefix chain script '/home/robot/여/project-root/ros2_ws/install/setup.ps1'
[25.439s] INFO:colcon.colcon_core.shell:Creating prefix script '/home/robot/여/project-root/ros2_ws/install/local_setup.sh'
[25.445s] INFO:colcon.colcon_core.shell:Creating prefix util module '/home/robot/여/project-root/ros2_ws/install/_local_setup_util_sh.py'
[25.449s] INFO:colcon.colcon_core.shell:Creating prefix chain script '/home/robot/여/project-root/ros2_ws/install/setup.sh'
[25.455s] INFO:colcon.colcon_core.shell:Creating prefix script '/home/robot/여/project-root/ros2_ws/install/local_setup.bash'
[25.461s] INFO:colcon.colcon_core.shell:Creating prefix chain script '/home/robot/여/project-root/ros2_ws/install/setup.bash'
[25.467s] INFO:colcon.colcon_core.shell:Creating prefix script '/home/robot/여/project-root/ros2_ws/install/local_setup.zsh'
[25.472s] INFO:colcon.colcon_core.shell:Creating prefix chain script '/home/robot/여/project-root/ros2_ws/install/setup.zsh'
