[0.504s] DEBUG:colcon:Command line arguments: ['/usr/bin/colcon', 'build', '--symlink-install']
[0.504s] DEBUG:colcon:Parsed command line arguments: Namespace(log_base=None, log_level=None, verb_name='build', build_base='build', install_base='install', merge_install=False, symlink_install=True, test_result_base=None, continue_on_error=False, executor='parallel', parallel_workers=4, event_handlers=None, ignore_user_meta=False, metas=['./colcon.meta'], base_paths=['.'], packages_ignore=None, packages_ignore_regex=None, paths=None, packages_up_to=None, packages_up_to_regex=None, packages_above=None, packages_above_and_dependencies=None, packages_above_depth=None, packages_select_by_dep=None, packages_skip_by_dep=None, packages_skip_up_to=None, packages_select_build_failed=False, packages_skip_build_finished=False, packages_select_test_failures=False, packages_skip_test_passed=False, packages_select=None, packages_skip=None, packages_select_regex=None, packages_skip_regex=None, packages_start=None, packages_end=None, allow_overriding=[], cmake_args=None, cmake_target=None, cmake_target_skip_unavailable=False, cmake_clean_cache=False, cmake_clean_first=False, cmake_force_configure=False, ament_cmake_args=None, catkin_cmake_args=None, catkin_skip_building_tests=False, mixin_files=None, mixin=None, verb_parser=<colcon_mixin.mixin.mixin_argument.MixinArgumentDecorator object at 0xffff864bdfc0>, verb_extension=<colcon_core.verb.build.BuildVerb object at 0xffff86667250>, main=<bound method BuildVerb.main of <colcon_core.verb.build.BuildVerb object at 0xffff86667250>>, mixin_verb=('build',))
[1.437s] Level 1:colcon.colcon_core.package_discovery:discover_packages(colcon_meta) check parameters
[1.438s] Level 1:colcon.colcon_core.package_discovery:discover_packages(recursive) check parameters
[1.438s] Level 1:colcon.colcon_core.package_discovery:discover_packages(ignore) check parameters
[1.438s] Level 1:colcon.colcon_core.package_discovery:discover_packages(path) check parameters
[1.438s] Level 1:colcon.colcon_core.package_discovery:discover_packages(colcon_meta) discover
[1.439s] Level 1:colcon.colcon_core.package_discovery:discover_packages(recursive) discover
[1.439s] INFO:colcon.colcon_core.package_discovery:Crawling recursively for packages in '/home/robot/여/project-root/ros2_ws'
[1.439s] Level 1:colcon.colcon_core.package_identification:_identify(.) by extensions ['ignore', 'ignore_ament_install']
[1.440s] Level 1:colcon.colcon_core.package_identification:_identify(.) by extension 'ignore'
[1.440s] Level 1:colcon.colcon_core.package_identification:_identify(.) by extension 'ignore_ament_install'
[1.440s] Level 1:colcon.colcon_core.package_identification:_identify(.) by extensions ['colcon_pkg']
[1.440s] Level 1:colcon.colcon_core.package_identification:_identify(.) by extension 'colcon_pkg'
[1.441s] Level 1:colcon.colcon_core.package_identification:_identify(.) by extensions ['colcon_meta']
[1.441s] Level 1:colcon.colcon_core.package_identification:_identify(.) by extension 'colcon_meta'
[1.441s] Level 1:colcon.colcon_core.package_identification:_identify(.) by extensions ['ros']
[1.441s] Level 1:colcon.colcon_core.package_identification:_identify(.) by extension 'ros'
[1.486s] Level 1:colcon.colcon_core.package_identification:_identify(.) by extensions ['cmake', 'python']
[1.486s] Level 1:colcon.colcon_core.package_identification:_identify(.) by extension 'cmake'
[1.487s] Level 1:colcon.colcon_core.package_identification:_identify(.) by extension 'python'
[1.487s] Level 1:colcon.colcon_core.package_identification:_identify(.) by extensions ['python_setup_py']
[1.487s] Level 1:colcon.colcon_core.package_identification:_identify(.) by extension 'python_setup_py'
[1.487s] Level 1:colcon.colcon_core.package_identification:_identify(build) by extensions ['ignore', 'ignore_ament_install']
[1.488s] Level 1:colcon.colcon_core.package_identification:_identify(build) by extension 'ignore'
[1.488s] Level 1:colcon.colcon_core.package_identification:_identify(build) ignored
[1.489s] Level 1:colcon.colcon_core.package_identification:_identify(install) by extensions ['ignore', 'ignore_ament_install']
[1.489s] Level 1:colcon.colcon_core.package_identification:_identify(install) by extension 'ignore'
[1.489s] Level 1:colcon.colcon_core.package_identification:_identify(install) ignored
[1.490s] Level 1:colcon.colcon_core.package_identification:_identify(log) by extensions ['ignore', 'ignore_ament_install']
[1.490s] Level 1:colcon.colcon_core.package_identification:_identify(log) by extension 'ignore'
[1.490s] Level 1:colcon.colcon_core.package_identification:_identify(log) ignored
[1.491s] Level 1:colcon.colcon_core.package_identification:_identify(src) by extensions ['ignore', 'ignore_ament_install']
[1.491s] Level 1:colcon.colcon_core.package_identification:_identify(src) by extension 'ignore'
[1.491s] Level 1:colcon.colcon_core.package_identification:_identify(src) by extension 'ignore_ament_install'
[1.491s] Level 1:colcon.colcon_core.package_identification:_identify(src) by extensions ['colcon_pkg']
[1.492s] Level 1:colcon.colcon_core.package_identification:_identify(src) by extension 'colcon_pkg'
[1.492s] Level 1:colcon.colcon_core.package_identification:_identify(src) by extensions ['colcon_meta']
[1.492s] Level 1:colcon.colcon_core.package_identification:_identify(src) by extension 'colcon_meta'
[1.492s] Level 1:colcon.colcon_core.package_identification:_identify(src) by extensions ['ros']
[1.492s] Level 1:colcon.colcon_core.package_identification:_identify(src) by extension 'ros'
[1.492s] Level 1:colcon.colcon_core.package_identification:_identify(src) by extensions ['cmake', 'python']
[1.493s] Level 1:colcon.colcon_core.package_identification:_identify(src) by extension 'cmake'
[1.493s] Level 1:colcon.colcon_core.package_identification:_identify(src) by extension 'python'
[1.493s] Level 1:colcon.colcon_core.package_identification:_identify(src) by extensions ['python_setup_py']
[1.493s] Level 1:colcon.colcon_core.package_identification:_identify(src) by extension 'python_setup_py'
[1.494s] Level 1:colcon.colcon_core.package_identification:_identify(src/docent_robot) by extensions ['ignore', 'ignore_ament_install']
[1.494s] Level 1:colcon.colcon_core.package_identification:_identify(src/docent_robot) by extension 'ignore'
[1.494s] Level 1:colcon.colcon_core.package_identification:_identify(src/docent_robot) by extension 'ignore_ament_install'
[1.494s] Level 1:colcon.colcon_core.package_identification:_identify(src/docent_robot) by extensions ['colcon_pkg']
[1.494s] Level 1:colcon.colcon_core.package_identification:_identify(src/docent_robot) by extension 'colcon_pkg'
[1.495s] Level 1:colcon.colcon_core.package_identification:_identify(src/docent_robot) by extensions ['colcon_meta']
[1.495s] Level 1:colcon.colcon_core.package_identification:_identify(src/docent_robot) by extension 'colcon_meta'
[1.495s] Level 1:colcon.colcon_core.package_identification:_identify(src/docent_robot) by extensions ['ros']
[1.495s] Level 1:colcon.colcon_core.package_identification:_identify(src/docent_robot) by extension 'ros'
[1.506s] DEBUG:colcon.colcon_core.package_identification:Package 'src/docent_robot' with type 'ros.ament_python' and name 'docent_robot'
[1.506s] Level 1:colcon.colcon_core.package_discovery:discover_packages(recursive) using defaults
[1.506s] Level 1:colcon.colcon_core.package_discovery:discover_packages(ignore) discover
[1.506s] Level 1:colcon.colcon_core.package_discovery:discover_packages(ignore) using defaults
[1.506s] Level 1:colcon.colcon_core.package_discovery:discover_packages(path) discover
[1.506s] Level 1:colcon.colcon_core.package_discovery:discover_packages(path) using defaults
[1.629s] Level 1:colcon.colcon_core.package_discovery:discover_packages(prefix_path) check parameters
[1.630s] Level 1:colcon.colcon_core.package_discovery:discover_packages(prefix_path) discover
[1.647s] DEBUG:colcon.colcon_installed_package_information.package_discovery:Found 339 installed packages in /opt/ros/humble
[1.655s] Level 1:colcon.colcon_core.package_discovery:discover_packages(prefix_path) using defaults
[1.882s] Level 5:colcon.colcon_core.verb:set package 'docent_robot' build argument 'cmake_args' from command line to 'None'
[1.883s] Level 5:colcon.colcon_core.verb:set package 'docent_robot' build argument 'cmake_target' from command line to 'None'
[1.883s] Level 5:colcon.colcon_core.verb:set package 'docent_robot' build argument 'cmake_target_skip_unavailable' from command line to 'False'
[1.883s] Level 5:colcon.colcon_core.verb:set package 'docent_robot' build argument 'cmake_clean_cache' from command line to 'False'
[1.883s] Level 5:colcon.colcon_core.verb:set package 'docent_robot' build argument 'cmake_clean_first' from command line to 'False'
[1.883s] Level 5:colcon.colcon_core.verb:set package 'docent_robot' build argument 'cmake_force_configure' from command line to 'False'
[1.883s] Level 5:colcon.colcon_core.verb:set package 'docent_robot' build argument 'ament_cmake_args' from command line to 'None'
[1.883s] Level 5:colcon.colcon_core.verb:set package 'docent_robot' build argument 'catkin_cmake_args' from command line to 'None'
[1.883s] Level 5:colcon.colcon_core.verb:set package 'docent_robot' build argument 'catkin_skip_building_tests' from command line to 'False'
[1.884s] DEBUG:colcon.colcon_core.verb:Building package 'docent_robot' with the following arguments: {'ament_cmake_args': None, 'build_base': '/home/robot/여/project-root/ros2_ws/build/docent_robot', 'catkin_cmake_args': None, 'catkin_skip_building_tests': False, 'cmake_args': None, 'cmake_clean_cache': False, 'cmake_clean_first': False, 'cmake_force_configure': False, 'cmake_target': None, 'cmake_target_skip_unavailable': False, 'install_base': '/home/robot/여/project-root/ros2_ws/install/docent_robot', 'merge_install': False, 'path': '/home/robot/여/project-root/ros2_ws/src/docent_robot', 'symlink_install': True, 'test_result_base': None}
[1.884s] INFO:colcon.colcon_core.executor:Executing jobs using 'parallel' executor
[1.888s] DEBUG:colcon.colcon_parallel_executor.executor.parallel:run_until_complete
[1.889s] INFO:colcon.colcon_ros.task.ament_python.build:Building ROS package in '/home/robot/여/project-root/ros2_ws/src/docent_robot' with build type 'ament_python'
[1.889s] Level 1:colcon.colcon_core.shell:create_environment_hook('docent_robot', 'ament_prefix_path')
[1.901s] INFO:colcon.colcon_core.plugin_system:Skipping extension 'colcon_core.shell.bat': Not used on non-Windows systems
[1.902s] INFO:colcon.colcon_core.shell:Creating environment hook '/home/robot/여/project-root/ros2_ws/install/docent_robot/share/docent_robot/hook/ament_prefix_path.ps1'
[1.905s] INFO:colcon.colcon_core.shell:Creating environment descriptor '/home/robot/여/project-root/ros2_ws/install/docent_robot/share/docent_robot/hook/ament_prefix_path.dsv'
[1.907s] INFO:colcon.colcon_core.shell:Creating environment hook '/home/robot/여/project-root/ros2_ws/install/docent_robot/share/docent_robot/hook/ament_prefix_path.sh'
[1.911s] INFO:colcon.colcon_core.shell:Skip shell extension 'powershell' for command environment: Not usable outside of PowerShell
[1.911s] DEBUG:colcon.colcon_core.shell:Skip shell extension 'dsv' for command environment
[3.257s] INFO:colcon.colcon_core.task.python.build:Building Python package in '/home/robot/여/project-root/ros2_ws/src/docent_robot'
[3.258s] INFO:colcon.colcon_core.shell:Skip shell extension 'powershell' for command environment: Not usable outside of PowerShell
[3.259s] DEBUG:colcon.colcon_core.shell:Skip shell extension 'dsv' for command environment
[5.171s] DEBUG:colcon.colcon_core.task.python.build:Available setuptools commands: build_py, install_egg_info, build_clib, dist_info, develop, upload, alias, sdist, check, symlink_data, bdist_rpm, update_catalog, build, setopt, bdist, clean, bdist_dumb, build_ext, upload_docs, install, rotate, extract_messages, install_headers, install_lib, install_scripts, build_scripts, init_catalog, test, compile_catalog, bdist_wheel, saveopts, bdist_egg, easy_install, egg_info, register, install_data
[6.600s] DEBUG:colcon.colcon_core.task.python.build:Available setuptools 'develop' options: --install-layout, --index-url, --optimize, --prefix, --help, --always-unzip, --quiet, --no-user-cfg, --script-dir, --user, --upgrade, --zip-ok, --build-directory, --find-links, --no-deps, --install-dir, --always-copy, --egg-path, --local-snapshots-ok, --verbose, --version, --editable, --exclude-scripts, --uninstall, --allow-hosts, --multi-version, --dry-run, --no-find-links, --record, --force-installation-into-system-dir, --site-dirs
[6.606s] DEBUG:colcon.colcon_core.event_handler.log_command:Invoking command in '/home/robot/여/project-root/ros2_ws/build/docent_robot': PYTHONPATH=/home/robot/여/project-root/ros2_ws/build/docent_robot/prefix_override:/usr/lib/python3/dist-packages/colcon_core/task/python/colcon_distutils_commands:/home/robot/여/project-root/ros2_ws/install/docent_robot/lib/python3.10/site-packages:${PYTHONPATH} /usr/bin/python3 -W ignore:setup.py install is deprecated -W ignore:easy_install command is deprecated setup.py develop --editable --build-directory /home/robot/여/project-root/ros2_ws/build/docent_robot/build --no-deps symlink_data
[9.087s] Level 1:colcon.colcon_core.shell:create_environment_hook('docent_robot', 'pythonpath_develop')
[9.088s] INFO:colcon.colcon_core.shell:Creating environment hook '/home/robot/여/project-root/ros2_ws/build/docent_robot/share/docent_robot/hook/pythonpath_develop.ps1'
[9.090s] DEBUG:colcon.colcon_core.event_handler.log_command:Invoked command in '/home/robot/여/project-root/ros2_ws/build/docent_robot' returned '0': PYTHONPATH=/home/robot/여/project-root/ros2_ws/build/docent_robot/prefix_override:/usr/lib/python3/dist-packages/colcon_core/task/python/colcon_distutils_commands:/home/robot/여/project-root/ros2_ws/install/docent_robot/lib/python3.10/site-packages:${PYTHONPATH} /usr/bin/python3 -W ignore:setup.py install is deprecated -W ignore:easy_install command is deprecated setup.py develop --editable --build-directory /home/robot/여/project-root/ros2_ws/build/docent_robot/build --no-deps symlink_data
[9.092s] INFO:colcon.colcon_core.shell:Creating environment descriptor '/home/robot/여/project-root/ros2_ws/build/docent_robot/share/docent_robot/hook/pythonpath_develop.dsv'
[9.094s] INFO:colcon.colcon_core.shell:Creating environment hook '/home/robot/여/project-root/ros2_ws/build/docent_robot/share/docent_robot/hook/pythonpath_develop.sh'
[9.109s] Level 1:colcon.colcon_core.environment:checking '/home/robot/여/project-root/ros2_ws/install/docent_robot' for CMake module files
[9.112s] Level 1:colcon.colcon_core.environment:checking '/home/robot/여/project-root/ros2_ws/install/docent_robot' for CMake config files
[9.115s] Level 1:colcon.colcon_core.environment:checking '/home/robot/여/project-root/ros2_ws/install/docent_robot/lib'
[9.116s] Level 1:colcon.colcon_core.environment:checking '/home/robot/여/project-root/ros2_ws/install/docent_robot/bin'
[9.116s] Level 1:colcon.colcon_core.environment:checking '/home/robot/여/project-root/ros2_ws/install/docent_robot/lib/pkgconfig/docent_robot.pc'
[9.117s] Level 1:colcon.colcon_core.environment:checking '/home/robot/여/project-root/ros2_ws/install/docent_robot/lib/python3.10/site-packages'
[9.118s] Level 1:colcon.colcon_core.shell:create_environment_hook('docent_robot', 'pythonpath')
[9.118s] INFO:colcon.colcon_core.shell:Creating environment hook '/home/robot/여/project-root/ros2_ws/install/docent_robot/share/docent_robot/hook/pythonpath.ps1'
[9.121s] INFO:colcon.colcon_core.shell:Creating environment descriptor '/home/robot/여/project-root/ros2_ws/install/docent_robot/share/docent_robot/hook/pythonpath.dsv'
[9.122s] INFO:colcon.colcon_core.shell:Creating environment hook '/home/robot/여/project-root/ros2_ws/install/docent_robot/share/docent_robot/hook/pythonpath.sh'
[9.126s] Level 1:colcon.colcon_core.environment:checking '/home/robot/여/project-root/ros2_ws/install/docent_robot/bin'
[9.126s] Level 1:colcon.colcon_core.environment:create_environment_scripts_only(docent_robot)
[9.128s] INFO:colcon.colcon_core.shell:Creating package script '/home/robot/여/project-root/ros2_ws/install/docent_robot/share/docent_robot/package.ps1'
[9.133s] INFO:colcon.colcon_core.shell:Creating package descriptor '/home/robot/여/project-root/ros2_ws/install/docent_robot/share/docent_robot/package.dsv'
[9.136s] INFO:colcon.colcon_core.shell:Creating package script '/home/robot/여/project-root/ros2_ws/install/docent_robot/share/docent_robot/package.sh'
[9.141s] INFO:colcon.colcon_core.shell:Creating package script '/home/robot/여/project-root/ros2_ws/install/docent_robot/share/docent_robot/package.bash'
[9.146s] INFO:colcon.colcon_core.shell:Creating package script '/home/robot/여/project-root/ros2_ws/install/docent_robot/share/docent_robot/package.zsh'
[9.149s] Level 1:colcon.colcon_core.environment:create_file_with_runtime_dependencies(/home/robot/여/project-root/ros2_ws/install/docent_robot/share/colcon-core/packages/docent_robot)
[9.150s] DEBUG:colcon.colcon_parallel_executor.executor.parallel:closing loop
[9.152s] DEBUG:colcon.colcon_parallel_executor.executor.parallel:loop closed
[9.154s] DEBUG:colcon.colcon_parallel_executor.executor.parallel:run_until_complete finished with '0'
[9.154s] DEBUG:colcon.colcon_core.event_reactor:joining thread
[9.155s] DEBUG:colcon.colcon_core.event_reactor:joined thread
[9.156s] INFO:colcon.colcon_core.shell:Creating prefix script '/home/robot/여/project-root/ros2_ws/install/local_setup.ps1'
[9.160s] INFO:colcon.colcon_core.shell:Creating prefix util module '/home/robot/여/project-root/ros2_ws/install/_local_setup_util_ps1.py'
[9.171s] INFO:colcon.colcon_core.shell:Creating prefix chain script '/home/robot/여/project-root/ros2_ws/install/setup.ps1'
[9.175s] INFO:colcon.colcon_core.shell:Creating prefix script '/home/robot/여/project-root/ros2_ws/install/local_setup.sh'
[9.178s] INFO:colcon.colcon_core.shell:Creating prefix util module '/home/robot/여/project-root/ros2_ws/install/_local_setup_util_sh.py'
[9.181s] INFO:colcon.colcon_core.shell:Creating prefix chain script '/home/robot/여/project-root/ros2_ws/install/setup.sh'
[9.185s] INFO:colcon.colcon_core.shell:Creating prefix script '/home/robot/여/project-root/ros2_ws/install/local_setup.bash'
[9.188s] INFO:colcon.colcon_core.shell:Creating prefix chain script '/home/robot/여/project-root/ros2_ws/install/setup.bash'
[9.193s] INFO:colcon.colcon_core.shell:Creating prefix script '/home/robot/여/project-root/ros2_ws/install/local_setup.zsh'
[9.195s] INFO:colcon.colcon_core.shell:Creating prefix chain script '/home/robot/여/project-root/ros2_ws/install/setup.zsh'
